{"C:\\Users\\Corina\\Desktop\\joyeria_pruebas\\backend\\src\\middlewares\\auth.middleware.ts": {"path":"C:\\Users\\Corina\\Desktop\\joyeria_pruebas\\backend\\src\\middlewares\\auth.middleware.ts","statementMap":{"0":{"start":{"line":2,"column":0},"end":{"line":2,"column":46}},"1":{"start":{"line":4,"column":28},"end":{"line":43,"column":1}},"2":{"start":{"line":9,"column":2},"end":{"line":42,"column":3}},"3":{"start":{"line":10,"column":23},"end":{"line":10,"column":48}},"4":{"start":{"line":12,"column":28},"end":{"line":12,"column":46}},"5":{"start":{"line":15,"column":6},"end":{"line":17,"column":19}},"6":{"start":{"line":19,"column":18},"end":{"line":19,"column":52}},"7":{"start":{"line":21,"column":4},"end":{"line":27,"column":5}},"8":{"start":{"line":22,"column":6},"end":{"line":25,"column":9}},"9":{"start":{"line":26,"column":6},"end":{"line":26,"column":13}},"10":{"start":{"line":29,"column":20},"end":{"line":29,"column":38}},"11":{"start":{"line":31,"column":4},"end":{"line":34,"column":6}},"12":{"start":{"line":36,"column":4},"end":{"line":36,"column":11}},"13":{"start":{"line":38,"column":4},"end":{"line":41,"column":7}},"14":{"start":{"line":4,"column":13},"end":{"line":4,"column":28}}},"fnMap":{"0":{"name":"(anonymous_0)","decl":{"start":{"line":4,"column":28},"end":{"line":4,"column":null}},"loc":{"start":{"line":8,"column":10},"end":{"line":43,"column":1}}}},"branchMap":{"0":{"loc":{"start":{"line":15,"column":6},"end":{"line":17,"column":19}},"type":"cond-expr","locations":[{"start":{"line":16,"column":10},"end":{"line":16,"column":34}},{"start":{"line":17,"column":10},"end":{"line":17,"column":19}}]},"1":{"loc":{"start":{"line":15,"column":6},"end":{"line":15,"column":52}},"type":"binary-expr","locations":[{"start":{"line":15,"column":6},"end":{"line":15,"column":16}},{"start":{"line":15,"column":20},"end":{"line":15,"column":52}}]},"2":{"loc":{"start":{"line":19,"column":18},"end":{"line":19,"column":52}},"type":"binary-expr","locations":[{"start":{"line":19,"column":18},"end":{"line":19,"column":33}},{"start":{"line":19,"column":37},"end":{"line":19,"column":52}}]},"3":{"loc":{"start":{"line":21,"column":4},"end":{"line":27,"column":5}},"type":"if","locations":[{"start":{"line":21,"column":4},"end":{"line":27,"column":5}},{"start":{},"end":{}}]}},"s":{"0":1,"1":1,"2":4,"3":4,"4":4,"5":4,"6":4,"7":4,"8":1,"9":1,"10":3,"11":2,"12":2,"13":1,"14":1},"f":{"0":4},"b":{"0":[2,2],"1":[4,2],"2":[4,3],"3":[1,3]}}
,"C:\\Users\\Corina\\Desktop\\joyeria_pruebas\\backend\\src\\middlewares\\error.middleware.ts": {"path":"C:\\Users\\Corina\\Desktop\\joyeria_pruebas\\backend\\src\\middlewares\\error.middleware.ts","statementMap":{"0":{"start":{"line":2,"column":0},"end":{"line":2,"column":58}},"1":{"start":{"line":3,"column":0},"end":{"line":3,"column":31}},"2":{"start":{"line":4,"column":0},"end":{"line":4,"column":48}},"3":{"start":{"line":6,"column":31},"end":{"line":65,"column":1}},"4":{"start":{"line":12,"column":2},"end":{"line":12,"column":55}},"5":{"start":{"line":13,"column":2},"end":{"line":13,"column":42}},"6":{"start":{"line":15,"column":2},"end":{"line":19,"column":3}},"7":{"start":{"line":16,"column":4},"end":{"line":16,"column":41}},"8":{"start":{"line":17,"column":4},"end":{"line":17,"column":45}},"9":{"start":{"line":18,"column":4},"end":{"line":18,"column":41}},"10":{"start":{"line":21,"column":2},"end":{"line":24,"column":3}},"11":{"start":{"line":22,"column":4},"end":{"line":22,"column":48}},"12":{"start":{"line":23,"column":4},"end":{"line":23,"column":46}},"13":{"start":{"line":26,"column":2},"end":{"line":26,"column":55}},"14":{"start":{"line":28,"column":2},"end":{"line":34,"column":3}},"15":{"start":{"line":29,"column":4},"end":{"line":32,"column":7}},"16":{"start":{"line":33,"column":4},"end":{"line":33,"column":11}},"17":{"start":{"line":36,"column":2},"end":{"line":43,"column":3}},"18":{"start":{"line":37,"column":4},"end":{"line":41,"column":7}},"19":{"start":{"line":42,"column":4},"end":{"line":42,"column":11}},"20":{"start":{"line":45,"column":2},"end":{"line":54,"column":3}},"21":{"start":{"line":49,"column":4},"end":{"line":52,"column":7}},"22":{"start":{"line":53,"column":4},"end":{"line":53,"column":11}},"23":{"start":{"line":56,"column":2},"end":{"line":64,"column":5}},"24":{"start":{"line":6,"column":13},"end":{"line":6,"column":31}}},"fnMap":{"0":{"name":"(anonymous_0)","decl":{"start":{"line":6,"column":31},"end":{"line":6,"column":null}},"loc":{"start":{"line":11,"column":10},"end":{"line":65,"column":1}}}},"branchMap":{"0":{"loc":{"start":{"line":15,"column":2},"end":{"line":19,"column":3}},"type":"if","locations":[{"start":{"line":15,"column":2},"end":{"line":19,"column":3}},{"start":{},"end":{}}]},"1":{"loc":{"start":{"line":21,"column":2},"end":{"line":24,"column":3}},"type":"if","locations":[{"start":{"line":21,"column":2},"end":{"line":24,"column":3}},{"start":{},"end":{}}]},"2":{"loc":{"start":{"line":28,"column":2},"end":{"line":34,"column":3}},"type":"if","locations":[{"start":{"line":28,"column":2},"end":{"line":34,"column":3}},{"start":{},"end":{}}]},"3":{"loc":{"start":{"line":36,"column":2},"end":{"line":43,"column":3}},"type":"if","locations":[{"start":{"line":36,"column":2},"end":{"line":43,"column":3}},{"start":{},"end":{}}]},"4":{"loc":{"start":{"line":45,"column":2},"end":{"line":54,"column":3}},"type":"if","locations":[{"start":{"line":45,"column":2},"end":{"line":54,"column":3}},{"start":{},"end":{}}]},"5":{"loc":{"start":{"line":46,"column":4},"end":{"line":47,"column":26}},"type":"binary-expr","locations":[{"start":{"line":46,"column":4},"end":{"line":46,"column":57}},{"start":{"line":47,"column":4},"end":{"line":47,"column":26}}]},"6":{"loc":{"start":{"line":59,"column":6},"end":{"line":63,"column":38}},"type":"cond-expr","locations":[{"start":{"line":60,"column":10},"end":{"line":60,"column":38}},{"start":{"line":61,"column":10},"end":{"line":63,"column":38}}]},"7":{"loc":{"start":{"line":61,"column":10},"end":{"line":63,"column":38}},"type":"cond-expr","locations":[{"start":{"line":62,"column":10},"end":{"line":62,"column":23}},{"start":{"line":63,"column":10},"end":{"line":63,"column":38}}]}},"s":{"0":1,"1":1,"2":1,"3":1,"4":4,"5":4,"6":4,"7":3,"8":3,"9":3,"10":4,"11":1,"12":1,"13":4,"14":4,"15":1,"16":1,"17":3,"18":1,"19":1,"20":2,"21":1,"22":1,"23":1,"24":1},"f":{"0":4},"b":{"0":[3,1],"1":[1,3],"2":[1,3],"3":[1,2],"4":[1,1],"5":[2,1],"6":[0,1],"7":[1,0]}}
,"C:\\Users\\Corina\\Desktop\\joyeria_pruebas\\backend\\src\\middlewares\\role.middleware.ts": {"path":"C:\\Users\\Corina\\Desktop\\joyeria_pruebas\\backend\\src\\middlewares\\role.middleware.ts","statementMap":{"0":{"start":{"line":2,"column":0},"end":{"line":2,"column":62}},"1":{"start":{"line":4,"column":29},"end":{"line":18,"column":1}},"2":{"start":{"line":5,"column":2},"end":{"line":17,"column":4}},"3":{"start":{"line":6,"column":4},"end":{"line":9,"column":5}},"4":{"start":{"line":7,"column":6},"end":{"line":7,"column":58}},"5":{"start":{"line":8,"column":6},"end":{"line":8,"column":13}},"6":{"start":{"line":11,"column":4},"end":{"line":14,"column":5}},"7":{"start":{"line":12,"column":6},"end":{"line":12,"column":57}},"8":{"start":{"line":13,"column":6},"end":{"line":13,"column":13}},"9":{"start":{"line":16,"column":4},"end":{"line":16,"column":11}},"10":{"start":{"line":4,"column":13},"end":{"line":4,"column":29}}},"fnMap":{"0":{"name":"(anonymous_0)","decl":{"start":{"line":4,"column":29},"end":{"line":4,"column":30}},"loc":{"start":{"line":4,"column":56},"end":{"line":18,"column":1}}},"1":{"name":"(anonymous_1)","decl":{"start":{"line":5,"column":9},"end":{"line":5,"column":10}},"loc":{"start":{"line":5,"column":67},"end":{"line":17,"column":3}}}},"branchMap":{"0":{"loc":{"start":{"line":6,"column":4},"end":{"line":9,"column":5}},"type":"if","locations":[{"start":{"line":6,"column":4},"end":{"line":9,"column":5}},{"start":{},"end":{}}]},"1":{"loc":{"start":{"line":11,"column":4},"end":{"line":14,"column":5}},"type":"if","locations":[{"start":{"line":11,"column":4},"end":{"line":14,"column":5}},{"start":{},"end":{}}]}},"s":{"0":1,"1":1,"2":3,"3":3,"4":1,"5":1,"6":2,"7":1,"8":1,"9":1,"10":1},"f":{"0":3,"1":3},"b":{"0":[1,2],"1":[1,1]}}
,"C:\\Users\\Corina\\Desktop\\joyeria_pruebas\\backend\\src\\middlewares\\validate.middleware.ts": {"path":"C:\\Users\\Corina\\Desktop\\joyeria_pruebas\\backend\\src\\middlewares\\validate.middleware.ts","statementMap":{"0":{"start":{"line":2,"column":0},"end":{"line":2,"column":47}},"1":{"start":{"line":10,"column":24},"end":{"line":42,"column":1}},"2":{"start":{"line":11,"column":2},"end":{"line":41,"column":4}},"3":{"start":{"line":12,"column":4},"end":{"line":40,"column":5}},"4":{"start":{"line":13,"column":6},"end":{"line":15,"column":7}},"5":{"start":{"line":14,"column":8},"end":{"line":14,"column":73}},"6":{"start":{"line":17,"column":6},"end":{"line":19,"column":7}},"7":{"start":{"line":18,"column":8},"end":{"line":18,"column":67}},"8":{"start":{"line":21,"column":6},"end":{"line":23,"column":7}},"9":{"start":{"line":22,"column":8},"end":{"line":22,"column":64}},"10":{"start":{"line":25,"column":6},"end":{"line":25,"column":13}},"11":{"start":{"line":27,"column":6},"end":{"line":34,"column":7}},"12":{"start":{"line":28,"column":8},"end":{"line":32,"column":11}},"13":{"start":{"line":33,"column":8},"end":{"line":33,"column":15}},"14":{"start":{"line":36,"column":6},"end":{"line":39,"column":9}},"15":{"start":{"line":10,"column":13},"end":{"line":10,"column":24}}},"fnMap":{"0":{"name":"(anonymous_0)","decl":{"start":{"line":10,"column":24},"end":{"line":10,"column":25}},"loc":{"start":{"line":10,"column":55},"end":{"line":42,"column":1}}},"1":{"name":"(anonymous_1)","decl":{"start":{"line":11,"column":9},"end":{"line":11,"column":10}},"loc":{"start":{"line":11,"column":67},"end":{"line":41,"column":3}}}},"branchMap":{"0":{"loc":{"start":{"line":13,"column":6},"end":{"line":15,"column":7}},"type":"if","locations":[{"start":{"line":13,"column":6},"end":{"line":15,"column":7}},{"start":{},"end":{}}]},"1":{"loc":{"start":{"line":14,"column":38},"end":{"line":14,"column":52}},"type":"binary-expr","locations":[{"start":{"line":14,"column":38},"end":{"line":14,"column":46}},{"start":{"line":14,"column":50},"end":{"line":14,"column":52}}]},"2":{"loc":{"start":{"line":17,"column":6},"end":{"line":19,"column":7}},"type":"if","locations":[{"start":{"line":17,"column":6},"end":{"line":19,"column":7}},{"start":{},"end":{}}]},"3":{"loc":{"start":{"line":18,"column":42},"end":{"line":18,"column":58}},"type":"binary-expr","locations":[{"start":{"line":18,"column":42},"end":{"line":18,"column":52}},{"start":{"line":18,"column":56},"end":{"line":18,"column":58}}]},"4":{"loc":{"start":{"line":21,"column":6},"end":{"line":23,"column":7}},"type":"if","locations":[{"start":{"line":21,"column":6},"end":{"line":23,"column":7}},{"start":{},"end":{}}]},"5":{"loc":{"start":{"line":22,"column":40},"end":{"line":22,"column":55}},"type":"binary-expr","locations":[{"start":{"line":22,"column":40},"end":{"line":22,"column":49}},{"start":{"line":22,"column":53},"end":{"line":22,"column":55}}]},"6":{"loc":{"start":{"line":27,"column":6},"end":{"line":34,"column":7}},"type":"if","locations":[{"start":{"line":27,"column":6},"end":{"line":34,"column":7}},{"start":{},"end":{}}]}},"s":{"0":1,"1":1,"2":5,"3":6,"4":6,"5":3,"6":4,"7":2,"8":4,"9":2,"10":4,"11":2,"12":1,"13":1,"14":1,"15":1},"f":{"0":5,"1":6},"b":{"0":[3,3],"1":[3,0],"2":[2,2],"3":[2,0],"4":[2,2],"5":[2,0],"6":[1,1]}}
,"C:\\Users\\Corina\\Desktop\\joyeria_pruebas\\backend\\src\\services\\auth.service.ts": {"path":"C:\\Users\\Corina\\Desktop\\joyeria_pruebas\\backend\\src\\services\\auth.service.ts","statementMap":{"0":{"start":{"line":1,"column":0},"end":{"line":1,"column":58}},"1":{"start":{"line":2,"column":0},"end":{"line":2,"column":48}},"2":{"start":{"line":3,"column":0},"end":{"line":3,"column":65}},"3":{"start":{"line":4,"column":0},"end":{"line":4,"column":48}},"4":{"start":{"line":5,"column":0},"end":{"line":5,"column":68}},"5":{"start":{"line":8,"column":13},"end":{"line":102,"column":2}},"6":{"start":{"line":10,"column":19},"end":{"line":10,"column":30}},"7":{"start":{"line":11,"column":19},"end":{"line":11,"column":44}},"8":{"start":{"line":12,"column":21},"end":{"line":12,"column":34}},"9":{"start":{"line":13,"column":21},"end":{"line":13,"column":34}},"10":{"start":{"line":15,"column":25},"end":{"line":15,"column":69}},"11":{"start":{"line":17,"column":4},"end":{"line":19,"column":5}},"12":{"start":{"line":18,"column":6},"end":{"line":18,"column":69}},"13":{"start":{"line":21,"column":27},"end":{"line":21,"column":55}},"14":{"start":{"line":23,"column":4},"end":{"line":61,"column":5}},"15":{"start":{"line":24,"column":22},"end":{"line":29,"column":8}},"16":{"start":{"line":31,"column":20},"end":{"line":34,"column":8}},"17":{"start":{"line":36,"column":6},"end":{"line":39,"column":8}},"18":{"start":{"line":41,"column":6},"end":{"line":58,"column":7}},"19":{"start":{"line":45,"column":23},"end":{"line":47,"column":14}},"20":{"start":{"line":49,"column":8},"end":{"line":51,"column":9}},"21":{"start":{"line":50,"column":10},"end":{"line":50,"column":73}},"22":{"start":{"line":53,"column":8},"end":{"line":55,"column":9}},"23":{"start":{"line":54,"column":10},"end":{"line":54,"column":75}},"24":{"start":{"line":57,"column":8},"end":{"line":57,"column":63}},"25":{"start":{"line":60,"column":6},"end":{"line":60,"column":18}},"26":{"start":{"line":65,"column":19},"end":{"line":65,"column":44}},"27":{"start":{"line":66,"column":21},"end":{"line":66,"column":34}},"28":{"start":{"line":68,"column":17},"end":{"line":68,"column":73}},"29":{"start":{"line":70,"column":4},"end":{"line":72,"column":5}},"30":{"start":{"line":71,"column":6},"end":{"line":71,"column":56}},"31":{"start":{"line":74,"column":28},"end":{"line":74,"column":79}},"32":{"start":{"line":76,"column":4},"end":{"line":78,"column":5}},"33":{"start":{"line":77,"column":6},"end":{"line":77,"column":56}},"34":{"start":{"line":80,"column":18},"end":{"line":83,"column":6}},"35":{"start":{"line":85,"column":54},"end":{"line":85,"column":58}},"36":{"start":{"line":87,"column":4},"end":{"line":90,"column":6}},"37":{"start":{"line":94,"column":17},"end":{"line":94,"column":58}},"38":{"start":{"line":96,"column":4},"end":{"line":98,"column":5}},"39":{"start":{"line":97,"column":6},"end":{"line":97,"column":55}},"40":{"start":{"line":100,"column":4},"end":{"line":100,"column":16}}},"fnMap":{"0":{"name":"(anonymous_0)","decl":{"start":{"line":9,"column":12},"end":{"line":9,"column":17}},"loc":{"start":{"line":9,"column":42},"end":{"line":62,"column":3}}},"1":{"name":"(anonymous_1)","decl":{"start":{"line":64,"column":9},"end":{"line":64,"column":14}},"loc":{"start":{"line":64,"column":36},"end":{"line":91,"column":3}}},"2":{"name":"(anonymous_2)","decl":{"start":{"line":93,"column":6},"end":{"line":93,"column":11}},"loc":{"start":{"line":93,"column":31},"end":{"line":101,"column":3}}}},"branchMap":{"0":{"loc":{"start":{"line":17,"column":4},"end":{"line":19,"column":5}},"type":"if","locations":[{"start":{"line":17,"column":4},"end":{"line":19,"column":5}},{"start":{},"end":{}}]},"1":{"loc":{"start":{"line":41,"column":6},"end":{"line":58,"column":7}},"type":"if","locations":[{"start":{"line":41,"column":6},"end":{"line":58,"column":7}},{"start":{},"end":{}}]},"2":{"loc":{"start":{"line":42,"column":8},"end":{"line":43,"column":30}},"type":"binary-expr","locations":[{"start":{"line":42,"column":8},"end":{"line":42,"column":61}},{"start":{"line":43,"column":8},"end":{"line":43,"column":30}}]},"3":{"loc":{"start":{"line":45,"column":23},"end":{"line":47,"column":14}},"type":"cond-expr","locations":[{"start":{"line":46,"column":13},"end":{"line":46,"column":43}},{"start":{"line":47,"column":12},"end":{"line":47,"column":14}}]},"4":{"loc":{"start":{"line":49,"column":8},"end":{"line":51,"column":9}},"type":"if","locations":[{"start":{"line":49,"column":8},"end":{"line":51,"column":9}},{"start":{},"end":{}}]},"5":{"loc":{"start":{"line":53,"column":8},"end":{"line":55,"column":9}},"type":"if","locations":[{"start":{"line":53,"column":8},"end":{"line":55,"column":9}},{"start":{},"end":{}}]},"6":{"loc":{"start":{"line":70,"column":4},"end":{"line":72,"column":5}},"type":"if","locations":[{"start":{"line":70,"column":4},"end":{"line":72,"column":5}},{"start":{},"end":{}}]},"7":{"loc":{"start":{"line":76,"column":4},"end":{"line":78,"column":5}},"type":"if","locations":[{"start":{"line":76,"column":4},"end":{"line":78,"column":5}},{"start":{},"end":{}}]},"8":{"loc":{"start":{"line":96,"column":4},"end":{"line":98,"column":5}},"type":"if","locations":[{"start":{"line":96,"column":4},"end":{"line":98,"column":5}},{"start":{},"end":{}}]}},"s":{"0":1,"1":1,"2":1,"3":1,"4":1,"5":1,"6":5,"7":5,"8":5,"9":5,"10":5,"11":5,"12":1,"13":4,"14":4,"15":4,"16":1,"17":1,"18":3,"19":3,"20":3,"21":1,"22":2,"23":1,"24":1,"25":0,"26":3,"27":3,"28":3,"29":3,"30":1,"31":2,"32":2,"33":1,"34":1,"35":1,"36":1,"37":2,"38":2,"39":1,"40":1},"f":{"0":5,"1":3,"2":2},"b":{"0":[1,4],"1":[3,0],"2":[3,3],"3":[3,0],"4":[1,2],"5":[1,1],"6":[1,2],"7":[1,1],"8":[1,1]}}
,"C:\\Users\\Corina\\Desktop\\joyeria_pruebas\\backend\\src\\services\\cart.service.ts": {"path":"C:\\Users\\Corina\\Desktop\\joyeria_pruebas\\backend\\src\\services\\cart.service.ts","statementMap":{"0":{"start":{"line":1,"column":0},"end":{"line":1,"column":48}},"1":{"start":{"line":2,"column":0},"end":{"line":2,"column":68}},"2":{"start":{"line":9,"column":23},"end":{"line":17,"column":1}},"3":{"start":{"line":10,"column":19},"end":{"line":10,"column":63}},"4":{"start":{"line":12,"column":2},"end":{"line":16,"column":4}},"5":{"start":{"line":19,"column":13},"end":{"line":186,"column":2}},"6":{"start":{"line":21,"column":22},"end":{"line":21,"column":70}},"7":{"start":{"line":23,"column":27},"end":{"line":23,"column":56}},"8":{"start":{"line":25,"column":18},"end":{"line":25,"column":78}},"9":{"start":{"line":25,"column":55},"end":{"line":25,"column":74}},"10":{"start":{"line":27,"column":4},"end":{"line":30,"column":6}},"11":{"start":{"line":34,"column":23},"end":{"line":34,"column":39}},"12":{"start":{"line":35,"column":21},"end":{"line":35,"column":34}},"13":{"start":{"line":36,"column":28},"end":{"line":36,"column":58}},"14":{"start":{"line":38,"column":21},"end":{"line":38,"column":79}},"15":{"start":{"line":40,"column":4},"end":{"line":42,"column":5}},"16":{"start":{"line":41,"column":6},"end":{"line":41,"column":67}},"17":{"start":{"line":44,"column":26},"end":{"line":44,"column":27}},"18":{"start":{"line":46,"column":4},"end":{"line":77,"column":5}},"19":{"start":{"line":47,"column":6},"end":{"line":49,"column":7}},"20":{"start":{"line":48,"column":8},"end":{"line":48,"column":63}},"21":{"start":{"line":51,"column":20},"end":{"line":52,"column":null}},"22":{"start":{"line":52,"column":18},"end":{"line":52,"column":60}},"23":{"start":{"line":55,"column":6},"end":{"line":57,"column":7}},"24":{"start":{"line":56,"column":8},"end":{"line":56,"column":51}},"25":{"start":{"line":59,"column":6},"end":{"line":61,"column":7}},"26":{"start":{"line":60,"column":8},"end":{"line":60,"column":71}},"27":{"start":{"line":63,"column":6},"end":{"line":63,"column":36}},"28":{"start":{"line":65,"column":6},"end":{"line":70,"column":7}},"29":{"start":{"line":66,"column":8},"end":{"line":69,"column":10}},"30":{"start":{"line":72,"column":6},"end":{"line":74,"column":7}},"31":{"start":{"line":73,"column":8},"end":{"line":73,"column":54}},"32":{"start":{"line":76,"column":6},"end":{"line":76,"column":39}},"33":{"start":{"line":79,"column":29},"end":{"line":82,"column":null}},"34":{"start":{"line":85,"column":26},"end":{"line":87,"column":16}},"35":{"start":{"line":89,"column":4},"end":{"line":94,"column":5}},"36":{"start":{"line":90,"column":6},"end":{"line":93,"column":8}},"37":{"start":{"line":96,"column":21},"end":{"line":105,"column":null}},"38":{"start":{"line":108,"column":4},"end":{"line":111,"column":6}},"39":{"start":{"line":119,"column":21},"end":{"line":119,"column":34}},"40":{"start":{"line":120,"column":28},"end":{"line":120,"column":58}},"41":{"start":{"line":122,"column":21},"end":{"line":125,"column":null}},"42":{"start":{"line":128,"column":4},"end":{"line":130,"column":5}},"43":{"start":{"line":129,"column":6},"end":{"line":129,"column":70}},"44":{"start":{"line":132,"column":26},"end":{"line":132,"column":27}},"45":{"start":{"line":134,"column":4},"end":{"line":146,"column":5}},"46":{"start":{"line":135,"column":6},"end":{"line":137,"column":7}},"47":{"start":{"line":136,"column":8},"end":{"line":136,"column":79}},"48":{"start":{"line":139,"column":6},"end":{"line":139,"column":53}},"49":{"start":{"line":141,"column":6},"end":{"line":143,"column":7}},"50":{"start":{"line":142,"column":8},"end":{"line":142,"column":65}},"51":{"start":{"line":145,"column":6},"end":{"line":145,"column":48}},"52":{"start":{"line":148,"column":4},"end":{"line":153,"column":5}},"53":{"start":{"line":149,"column":6},"end":{"line":152,"column":8}},"54":{"start":{"line":155,"column":28},"end":{"line":157,"column":null}},"55":{"start":{"line":160,"column":4},"end":{"line":160,"column":43}},"56":{"start":{"line":168,"column":28},"end":{"line":168,"column":59}},"57":{"start":{"line":170,"column":21},"end":{"line":173,"column":null}},"58":{"start":{"line":176,"column":4},"end":{"line":178,"column":5}},"59":{"start":{"line":177,"column":6},"end":{"line":177,"column":70}},"60":{"start":{"line":180,"column":4},"end":{"line":180,"column":53}},"61":{"start":{"line":184,"column":4},"end":{"line":184,"column":54}}},"fnMap":{"0":{"name":"(anonymous_0)","decl":{"start":{"line":9,"column":23},"end":{"line":9,"column":24}},"loc":{"start":{"line":9,"column":37},"end":{"line":17,"column":1}}},"1":{"name":"(anonymous_1)","decl":{"start":{"line":20,"column":11},"end":{"line":20,"column":16}},"loc":{"start":{"line":20,"column":39},"end":{"line":31,"column":3}}},"2":{"name":"(anonymous_2)","decl":{"start":{"line":25,"column":40},"end":{"line":25,"column":41}},"loc":{"start":{"line":25,"column":55},"end":{"line":25,"column":74}}},"3":{"name":"(anonymous_3)","decl":{"start":{"line":33,"column":13},"end":{"line":33,"column":18}},"loc":{"start":{"line":33,"column":63},"end":{"line":112,"column":3}}},"4":{"name":"(anonymous_4)","decl":{"start":{"line":52,"column":8},"end":{"line":52,"column":9}},"loc":{"start":{"line":52,"column":18},"end":{"line":52,"column":60}}},"5":{"name":"(anonymous_5)","decl":{"start":{"line":114,"column":26},"end":{"line":114,"column":31}},"loc":{"start":{"line":118,"column":6},"end":{"line":161,"column":3}}},"6":{"name":"(anonymous_6)","decl":{"start":{"line":163,"column":18},"end":{"line":163,"column":23}},"loc":{"start":{"line":167,"column":6},"end":{"line":181,"column":3}}},"7":{"name":"(anonymous_7)","decl":{"start":{"line":183,"column":13},"end":{"line":183,"column":18}},"loc":{"start":{"line":183,"column":41},"end":{"line":185,"column":3}}}},"branchMap":{"0":{"loc":{"start":{"line":14,"column":20},"end":{"line":14,"column":46}},"type":"binary-expr","locations":[{"start":{"line":14,"column":20},"end":{"line":14,"column":38}},{"start":{"line":14,"column":42},"end":{"line":14,"column":46}}]},"1":{"loc":{"start":{"line":36,"column":28},"end":{"line":36,"column":58}},"type":"binary-expr","locations":[{"start":{"line":36,"column":28},"end":{"line":36,"column":50}},{"start":{"line":36,"column":54},"end":{"line":36,"column":58}}]},"2":{"loc":{"start":{"line":40,"column":4},"end":{"line":42,"column":5}},"type":"if","locations":[{"start":{"line":40,"column":4},"end":{"line":42,"column":5}},{"start":{},"end":{}}]},"3":{"loc":{"start":{"line":40,"column":8},"end":{"line":40,"column":37}},"type":"binary-expr","locations":[{"start":{"line":40,"column":8},"end":{"line":40,"column":17}},{"start":{"line":40,"column":21},"end":{"line":40,"column":37}}]},"4":{"loc":{"start":{"line":46,"column":4},"end":{"line":77,"column":5}},"type":"if","locations":[{"start":{"line":46,"column":4},"end":{"line":77,"column":5}},{"start":{"line":64,"column":11},"end":{"line":77,"column":5}}]},"5":{"loc":{"start":{"line":47,"column":6},"end":{"line":49,"column":7}},"type":"if","locations":[{"start":{"line":47,"column":6},"end":{"line":49,"column":7}},{"start":{},"end":{}}]},"6":{"loc":{"start":{"line":52,"column":18},"end":{"line":52,"column":60}},"type":"binary-expr","locations":[{"start":{"line":52,"column":18},"end":{"line":52,"column":45}},{"start":{"line":52,"column":49},"end":{"line":52,"column":60}}]},"7":{"loc":{"start":{"line":55,"column":6},"end":{"line":57,"column":7}},"type":"if","locations":[{"start":{"line":55,"column":6},"end":{"line":57,"column":7}},{"start":{},"end":{}}]},"8":{"loc":{"start":{"line":59,"column":6},"end":{"line":61,"column":7}},"type":"if","locations":[{"start":{"line":59,"column":6},"end":{"line":61,"column":7}},{"start":{},"end":{}}]},"9":{"loc":{"start":{"line":65,"column":6},"end":{"line":70,"column":7}},"type":"if","locations":[{"start":{"line":65,"column":6},"end":{"line":70,"column":7}},{"start":{},"end":{}}]},"10":{"loc":{"start":{"line":72,"column":6},"end":{"line":74,"column":7}},"type":"if","locations":[{"start":{"line":72,"column":6},"end":{"line":74,"column":7}},{"start":{},"end":{}}]},"11":{"loc":{"start":{"line":72,"column":10},"end":{"line":72,"column":56}},"type":"binary-expr","locations":[{"start":{"line":72,"column":10},"end":{"line":72,"column":33}},{"start":{"line":72,"column":37},"end":{"line":72,"column":56}}]},"12":{"loc":{"start":{"line":85,"column":26},"end":{"line":87,"column":16}},"type":"cond-expr","locations":[{"start":{"line":86,"column":8},"end":{"line":86,"column":44}},{"start":{"line":87,"column":8},"end":{"line":87,"column":16}}]},"13":{"loc":{"start":{"line":89,"column":4},"end":{"line":94,"column":5}},"type":"if","locations":[{"start":{"line":89,"column":4},"end":{"line":94,"column":5}},{"start":{},"end":{}}]},"14":{"loc":{"start":{"line":96,"column":21},"end":{"line":105,"column":null}},"type":"cond-expr","locations":[{"start":{"line":97,"column":8},"end":{"line":99,"column":null}},{"start":{"line":101,"column":8},"end":{"line":105,"column":null}}]},"15":{"loc":{"start":{"line":120,"column":28},"end":{"line":120,"column":58}},"type":"binary-expr","locations":[{"start":{"line":120,"column":28},"end":{"line":120,"column":50}},{"start":{"line":120,"column":54},"end":{"line":120,"column":58}}]},"16":{"loc":{"start":{"line":128,"column":4},"end":{"line":130,"column":5}},"type":"if","locations":[{"start":{"line":128,"column":4},"end":{"line":130,"column":5}},{"start":{},"end":{}}]},"17":{"loc":{"start":{"line":134,"column":4},"end":{"line":146,"column":5}},"type":"if","locations":[{"start":{"line":134,"column":4},"end":{"line":146,"column":5}},{"start":{"line":140,"column":11},"end":{"line":146,"column":5}}]},"18":{"loc":{"start":{"line":135,"column":6},"end":{"line":137,"column":7}},"type":"if","locations":[{"start":{"line":135,"column":6},"end":{"line":137,"column":7}},{"start":{},"end":{}}]},"19":{"loc":{"start":{"line":135,"column":10},"end":{"line":135,"column":67}},"type":"binary-expr","locations":[{"start":{"line":135,"column":10},"end":{"line":135,"column":33}},{"start":{"line":135,"column":37},"end":{"line":135,"column":67}}]},"20":{"loc":{"start":{"line":141,"column":6},"end":{"line":143,"column":7}},"type":"if","locations":[{"start":{"line":141,"column":6},"end":{"line":143,"column":7}},{"start":{},"end":{}}]},"21":{"loc":{"start":{"line":141,"column":10},"end":{"line":141,"column":74}},"type":"binary-expr","locations":[{"start":{"line":141,"column":10},"end":{"line":141,"column":42}},{"start":{"line":141,"column":46},"end":{"line":141,"column":74}}]},"22":{"loc":{"start":{"line":148,"column":4},"end":{"line":153,"column":5}},"type":"if","locations":[{"start":{"line":148,"column":4},"end":{"line":153,"column":5}},{"start":{},"end":{}}]},"23":{"loc":{"start":{"line":168,"column":28},"end":{"line":168,"column":59}},"type":"binary-expr","locations":[{"start":{"line":168,"column":28},"end":{"line":168,"column":51}},{"start":{"line":168,"column":55},"end":{"line":168,"column":59}}]},"24":{"loc":{"start":{"line":176,"column":4},"end":{"line":178,"column":5}},"type":"if","locations":[{"start":{"line":176,"column":4},"end":{"line":178,"column":5}},{"start":{},"end":{}}]}},"s":{"0":1,"1":1,"2":1,"3":7,"4":7,"5":1,"6":1,"7":1,"8":1,"9":2,"10":1,"11":10,"12":10,"13":10,"14":10,"15":10,"16":1,"17":9,"18":9,"19":4,"20":1,"21":3,"22":3,"23":3,"24":1,"25":2,"26":1,"27":1,"28":5,"29":1,"30":4,"31":1,"32":3,"33":4,"34":4,"35":4,"36":1,"37":3,"38":3,"39":6,"40":6,"41":6,"42":6,"43":1,"44":5,"45":5,"46":2,"47":1,"48":1,"49":3,"50":1,"51":2,"52":3,"53":1,"54":2,"55":2,"56":2,"57":2,"58":2,"59":1,"60":1,"61":1},"f":{"0":7,"1":1,"2":2,"3":10,"4":3,"5":6,"6":2,"7":1},"b":{"0":[7,5],"1":[10,6],"2":[1,9],"3":[10,9],"4":[4,5],"5":[1,3],"6":[3,3],"7":[1,2],"8":[1,1],"9":[1,4],"10":[1,3],"11":[4,4],"12":[2,2],"13":[1,3],"14":[1,2],"15":[6,6],"16":[1,5],"17":[2,3],"18":[1,1],"19":[2,1],"20":[1,2],"21":[3,2],"22":[1,2],"23":[2,2],"24":[1,1]}}
,"C:\\Users\\Corina\\Desktop\\joyeria_pruebas\\backend\\src\\services\\category.service.ts": {"path":"C:\\Users\\Corina\\Desktop\\joyeria_pruebas\\backend\\src\\services\\category.service.ts","statementMap":{"0":{"start":{"line":1,"column":0},"end":{"line":1,"column":48}},"1":{"start":{"line":2,"column":0},"end":{"line":2,"column":76}},"2":{"start":{"line":8,"column":13},"end":{"line":84,"column":2}},"3":{"start":{"line":10,"column":4},"end":{"line":10,"column":40}},"4":{"start":{"line":14,"column":21},"end":{"line":14,"column":70}},"5":{"start":{"line":16,"column":4},"end":{"line":18,"column":5}},"6":{"start":{"line":17,"column":6},"end":{"line":17,"column":57}},"7":{"start":{"line":20,"column":4},"end":{"line":20,"column":20}},"8":{"start":{"line":24,"column":29},"end":{"line":24,"column":77}},"9":{"start":{"line":26,"column":4},"end":{"line":28,"column":5}},"10":{"start":{"line":27,"column":6},"end":{"line":27,"column":56}},"11":{"start":{"line":30,"column":4},"end":{"line":33,"column":7}},"12":{"start":{"line":37,"column":21},"end":{"line":37,"column":58}},"13":{"start":{"line":39,"column":4},"end":{"line":41,"column":5}},"14":{"start":{"line":40,"column":6},"end":{"line":40,"column":57}},"15":{"start":{"line":46,"column":8},"end":{"line":46,"column":10}},"16":{"start":{"line":48,"column":4},"end":{"line":59,"column":5}},"17":{"start":{"line":49,"column":32},"end":{"line":51,"column":null}},"18":{"start":{"line":54,"column":6},"end":{"line":56,"column":7}},"19":{"start":{"line":55,"column":8},"end":{"line":55,"column":75}},"20":{"start":{"line":58,"column":6},"end":{"line":58,"column":32}},"21":{"start":{"line":61,"column":4},"end":{"line":63,"column":5}},"22":{"start":{"line":62,"column":6},"end":{"line":62,"column":50}},"23":{"start":{"line":65,"column":4},"end":{"line":65,"column":47}},"24":{"start":{"line":69,"column":21},"end":{"line":69,"column":70}},"25":{"start":{"line":71,"column":4},"end":{"line":73,"column":5}},"26":{"start":{"line":72,"column":6},"end":{"line":72,"column":57}},"27":{"start":{"line":75,"column":4},"end":{"line":80,"column":5}},"28":{"start":{"line":76,"column":6},"end":{"line":79,"column":8}},"29":{"start":{"line":82,"column":4},"end":{"line":82,"column":40}}},"fnMap":{"0":{"name":"(anonymous_0)","decl":{"start":{"line":9,"column":17},"end":{"line":9,"column":22}},"loc":{"start":{"line":9,"column":28},"end":{"line":11,"column":3}}},"1":{"name":"(anonymous_1)","decl":{"start":{"line":13,"column":19},"end":{"line":13,"column":24}},"loc":{"start":{"line":13,"column":40},"end":{"line":21,"column":3}}},"2":{"name":"(anonymous_2)","decl":{"start":{"line":23,"column":18},"end":{"line":23,"column":23}},"loc":{"start":{"line":23,"column":54},"end":{"line":34,"column":3}}},"3":{"name":"(anonymous_3)","decl":{"start":{"line":36,"column":18},"end":{"line":36,"column":23}},"loc":{"start":{"line":36,"column":66},"end":{"line":66,"column":3}}},"4":{"name":"(anonymous_4)","decl":{"start":{"line":68,"column":18},"end":{"line":68,"column":23}},"loc":{"start":{"line":68,"column":39},"end":{"line":83,"column":3}}}},"branchMap":{"0":{"loc":{"start":{"line":16,"column":4},"end":{"line":18,"column":5}},"type":"if","locations":[{"start":{"line":16,"column":4},"end":{"line":18,"column":5}},{"start":{},"end":{}}]},"1":{"loc":{"start":{"line":26,"column":4},"end":{"line":28,"column":5}},"type":"if","locations":[{"start":{"line":26,"column":4},"end":{"line":28,"column":5}},{"start":{},"end":{}}]},"2":{"loc":{"start":{"line":32,"column":19},"end":{"line":32,"column":43}},"type":"binary-expr","locations":[{"start":{"line":32,"column":19},"end":{"line":32,"column":35}},{"start":{"line":32,"column":39},"end":{"line":32,"column":43}}]},"3":{"loc":{"start":{"line":39,"column":4},"end":{"line":41,"column":5}},"type":"if","locations":[{"start":{"line":39,"column":4},"end":{"line":41,"column":5}},{"start":{},"end":{}}]},"4":{"loc":{"start":{"line":48,"column":4},"end":{"line":59,"column":5}},"type":"if","locations":[{"start":{"line":48,"column":4},"end":{"line":59,"column":5}},{"start":{},"end":{}}]},"5":{"loc":{"start":{"line":54,"column":6},"end":{"line":56,"column":7}},"type":"if","locations":[{"start":{"line":54,"column":6},"end":{"line":56,"column":7}},{"start":{},"end":{}}]},"6":{"loc":{"start":{"line":61,"column":4},"end":{"line":63,"column":5}},"type":"if","locations":[{"start":{"line":61,"column":4},"end":{"line":63,"column":5}},{"start":{},"end":{}}]},"7":{"loc":{"start":{"line":62,"column":25},"end":{"line":62,"column":49}},"type":"binary-expr","locations":[{"start":{"line":62,"column":25},"end":{"line":62,"column":41}},{"start":{"line":62,"column":45},"end":{"line":62,"column":49}}]},"8":{"loc":{"start":{"line":71,"column":4},"end":{"line":73,"column":5}},"type":"if","locations":[{"start":{"line":71,"column":4},"end":{"line":73,"column":5}},{"start":{},"end":{}}]},"9":{"loc":{"start":{"line":75,"column":4},"end":{"line":80,"column":5}},"type":"if","locations":[{"start":{"line":75,"column":4},"end":{"line":80,"column":5}},{"start":{},"end":{}}]}},"s":{"0":1,"1":1,"2":1,"3":1,"4":2,"5":2,"6":1,"7":1,"8":2,"9":2,"10":1,"11":1,"12":3,"13":3,"14":1,"15":2,"16":2,"17":2,"18":2,"19":1,"20":1,"21":1,"22":1,"23":1,"24":3,"25":3,"26":1,"27":2,"28":1,"29":1},"f":{"0":1,"1":2,"2":2,"3":3,"4":3},"b":{"0":[1,1],"1":[1,1],"2":[1,1],"3":[1,2],"4":[2,0],"5":[1,1],"6":[1,0],"7":[1,1],"8":[1,2],"9":[1,1]}}
,"C:\\Users\\Corina\\Desktop\\joyeria_pruebas\\backend\\src\\services\\product.service.ts": {"path":"C:\\Users\\Corina\\Desktop\\joyeria_pruebas\\backend\\src\\services\\product.service.ts","statementMap":{"0":{"start":{"line":1,"column":0},"end":{"line":1,"column":58}},"1":{"start":{"line":2,"column":0},"end":{"line":2,"column":48}},"2":{"start":{"line":3,"column":0},"end":{"line":3,"column":61}},"3":{"start":{"line":4,"column":0},"end":{"line":4,"column":74}},"4":{"start":{"line":5,"column":0},"end":{"line":5,"column":69}},"5":{"start":{"line":6,"column":0},"end":{"line":6,"column":72}},"6":{"start":{"line":29,"column":24},"end":{"line":37,"column":1}},"7":{"start":{"line":32,"column":2},"end":{"line":36,"column":6}},"8":{"start":{"line":32,"column":31},"end":{"line":36,"column":4}},"9":{"start":{"line":39,"column":34},"end":{"line":43,"column":1}},"10":{"start":{"line":40,"column":2},"end":{"line":42,"column":8}},"11":{"start":{"line":41,"column":4},"end":{"line":41,"column":52}},"12":{"start":{"line":45,"column":32},"end":{"line":59,"column":1}},"13":{"start":{"line":52,"column":2},"end":{"line":58,"column":8}},"14":{"start":{"line":53,"column":22},"end":{"line":53,"column":41}},"15":{"start":{"line":54,"column":20},"end":{"line":58,"column":6}},"16":{"start":{"line":61,"column":28},"end":{"line":123,"column":1}},"17":{"start":{"line":65,"column":47},"end":{"line":65,"column":49}},"18":{"start":{"line":67,"column":2},"end":{"line":87,"column":3}},"19":{"start":{"line":68,"column":4},"end":{"line":86,"column":7}},"20":{"start":{"line":89,"column":2},"end":{"line":93,"column":3}},"21":{"start":{"line":90,"column":4},"end":{"line":92,"column":7}},"22":{"start":{"line":95,"column":2},"end":{"line":97,"column":5}},"23":{"start":{"line":99,"column":2},"end":{"line":120,"column":3}},"24":{"start":{"line":100,"column":4},"end":{"line":119,"column":7}},"25":{"start":{"line":122,"column":2},"end":{"line":122,"column":52}},"26":{"start":{"line":125,"column":13},"end":{"line":406,"column":2}},"27":{"start":{"line":127,"column":20},"end":{"line":127,"column":53}},"28":{"start":{"line":129,"column":4},"end":{"line":129,"column":57}},"29":{"start":{"line":133,"column":20},"end":{"line":133,"column":52}},"30":{"start":{"line":135,"column":4},"end":{"line":135,"column":56}},"31":{"start":{"line":139,"column":20},"end":{"line":141,"column":50}},"32":{"start":{"line":143,"column":4},"end":{"line":145,"column":5}},"33":{"start":{"line":144,"column":6},"end":{"line":144,"column":56}},"34":{"start":{"line":147,"column":4},"end":{"line":149,"column":5}},"35":{"start":{"line":148,"column":6},"end":{"line":148,"column":56}},"36":{"start":{"line":151,"column":4},"end":{"line":151,"column":19}},"37":{"start":{"line":155,"column":27},"end":{"line":156,"column":null}},"38":{"start":{"line":159,"column":4},"end":{"line":161,"column":5}},"39":{"start":{"line":160,"column":6},"end":{"line":160,"column":56}},"40":{"start":{"line":163,"column":28},"end":{"line":164,"column":null}},"41":{"start":{"line":167,"column":4},"end":{"line":169,"column":5}},"42":{"start":{"line":168,"column":6},"end":{"line":168,"column":70}},"43":{"start":{"line":171,"column":36},"end":{"line":171,"column":40}},"44":{"start":{"line":172,"column":42},"end":{"line":172,"column":46}},"45":{"start":{"line":174,"column":4},"end":{"line":235,"column":5}},"46":{"start":{"line":175,"column":6},"end":{"line":179,"column":7}},"47":{"start":{"line":176,"column":29},"end":{"line":176,"column":72}},"48":{"start":{"line":177,"column":8},"end":{"line":177,"column":45}},"49":{"start":{"line":178,"column":8},"end":{"line":178,"column":50}},"50":{"start":{"line":181,"column":53},"end":{"line":196,"column":8}},"51":{"start":{"line":198,"column":6},"end":{"line":215,"column":7}},"52":{"start":{"line":199,"column":23},"end":{"line":199,"column":57}},"53":{"start":{"line":201,"column":8},"end":{"line":206,"column":9}},"54":{"start":{"line":202,"column":10},"end":{"line":205,"column":12}},"55":{"start":{"line":208,"column":8},"end":{"line":208,"column":61}},"56":{"start":{"line":210,"column":8},"end":{"line":212,"column":10}},"57":{"start":{"line":214,"column":8},"end":{"line":214,"column":43}},"58":{"start":{"line":217,"column":22},"end":{"line":217,"column":71}},"59":{"start":{"line":219,"column":6},"end":{"line":219,"column":39}},"60":{"start":{"line":221,"column":6},"end":{"line":221,"column":21}},"61":{"start":{"line":223,"column":6},"end":{"line":225,"column":7}},"62":{"start":{"line":224,"column":8},"end":{"line":224,"column":53}},"63":{"start":{"line":227,"column":6},"end":{"line":232,"column":7}},"64":{"start":{"line":231,"column":8},"end":{"line":231,"column":72}},"65":{"start":{"line":234,"column":6},"end":{"line":234,"column":18}},"66":{"start":{"line":243,"column":28},"end":{"line":243,"column":74}},"67":{"start":{"line":245,"column":4},"end":{"line":247,"column":5}},"68":{"start":{"line":246,"column":6},"end":{"line":246,"column":56}},"69":{"start":{"line":249,"column":28},"end":{"line":249,"column":75}},"70":{"start":{"line":251,"column":4},"end":{"line":259,"column":5}},"71":{"start":{"line":252,"column":29},"end":{"line":253,"column":null}},"72":{"start":{"line":256,"column":6},"end":{"line":258,"column":7}},"73":{"start":{"line":257,"column":8},"end":{"line":257,"column":58}},"74":{"start":{"line":261,"column":4},"end":{"line":268,"column":5}},"75":{"start":{"line":263,"column":8},"end":{"line":263,"column":74}},"76":{"start":{"line":265,"column":6},"end":{"line":267,"column":7}},"77":{"start":{"line":266,"column":8},"end":{"line":266,"column":74}},"78":{"start":{"line":270,"column":57},"end":{"line":274,"column":17}},"79":{"start":{"line":276,"column":4},"end":{"line":281,"column":5}},"80":{"start":{"line":277,"column":6},"end":{"line":280,"column":8}},"81":{"start":{"line":283,"column":22},"end":{"line":283,"column":48}},"82":{"start":{"line":284,"column":27},"end":{"line":284,"column":59}},"83":{"start":{"line":285,"column":50},"end":{"line":285,"column":54}},"84":{"start":{"line":287,"column":4},"end":{"line":386,"column":5}},"85":{"start":{"line":288,"column":6},"end":{"line":296,"column":7}},"86":{"start":{"line":289,"column":29},"end":{"line":289,"column":72}},"87":{"start":{"line":290,"column":8},"end":{"line":290,"column":46}},"88":{"start":{"line":291,"column":8},"end":{"line":291,"column":50}},"89":{"start":{"line":292,"column":8},"end":{"line":292,"column":58}},"90":{"start":{"line":293,"column":13},"end":{"line":296,"column":7}},"91":{"start":{"line":294,"column":8},"end":{"line":294,"column":27}},"92":{"start":{"line":295,"column":8},"end":{"line":295,"column":32}},"93":{"start":{"line":298,"column":53},"end":{"line":301,"column":8}},"94":{"start":{"line":303,"column":6},"end":{"line":305,"column":7}},"95":{"start":{"line":304,"column":8},"end":{"line":304,"column":40}},"96":{"start":{"line":307,"column":6},"end":{"line":309,"column":7}},"97":{"start":{"line":308,"column":8},"end":{"line":308,"column":50}},"98":{"start":{"line":311,"column":6},"end":{"line":313,"column":7}},"99":{"start":{"line":312,"column":8},"end":{"line":312,"column":40}},"100":{"start":{"line":315,"column":6},"end":{"line":317,"column":7}},"101":{"start":{"line":316,"column":8},"end":{"line":316,"column":52}},"102":{"start":{"line":319,"column":6},"end":{"line":321,"column":7}},"103":{"start":{"line":320,"column":8},"end":{"line":320,"column":44}},"104":{"start":{"line":323,"column":6},"end":{"line":325,"column":7}},"105":{"start":{"line":324,"column":8},"end":{"line":324,"column":40}},"106":{"start":{"line":327,"column":6},"end":{"line":329,"column":7}},"107":{"start":{"line":328,"column":8},"end":{"line":328,"column":50}},"108":{"start":{"line":331,"column":6},"end":{"line":337,"column":7}},"109":{"start":{"line":332,"column":8},"end":{"line":336,"column":10}},"110":{"start":{"line":339,"column":6},"end":{"line":350,"column":7}},"111":{"start":{"line":340,"column":8},"end":{"line":340,"column":72}},"112":{"start":{"line":342,"column":8},"end":{"line":346,"column":9}},"113":{"start":{"line":343,"column":10},"end":{"line":345,"column":12}},"114":{"start":{"line":348,"column":8},"end":{"line":349,"column":77}},"115":{"start":{"line":353,"column":8},"end":{"line":354,"column":57}},"116":{"start":{"line":356,"column":29},"end":{"line":359,"column":null}},"117":{"start":{"line":362,"column":6},"end":{"line":364,"column":7}},"118":{"start":{"line":363,"column":8},"end":{"line":363,"column":69}},"119":{"start":{"line":366,"column":6},"end":{"line":368,"column":7}},"120":{"start":{"line":367,"column":8},"end":{"line":367,"column":69}},"121":{"start":{"line":370,"column":6},"end":{"line":370,"column":46}},"122":{"start":{"line":372,"column":6},"end":{"line":372,"column":28}},"123":{"start":{"line":374,"column":6},"end":{"line":376,"column":7}},"124":{"start":{"line":375,"column":8},"end":{"line":375,"column":61}},"125":{"start":{"line":378,"column":6},"end":{"line":383,"column":7}},"126":{"start":{"line":382,"column":8},"end":{"line":382,"column":74}},"127":{"start":{"line":385,"column":6},"end":{"line":385,"column":18}},"128":{"start":{"line":390,"column":20},"end":{"line":390,"column":56}},"129":{"start":{"line":392,"column":4},"end":{"line":394,"column":5}},"130":{"start":{"line":393,"column":6},"end":{"line":393,"column":56}},"131":{"start":{"line":396,"column":4},"end":{"line":398,"column":5}},"132":{"start":{"line":397,"column":6},"end":{"line":397,"column":62}},"133":{"start":{"line":400,"column":27},"end":{"line":400,"column":69}},"134":{"start":{"line":402,"column":4},"end":{"line":402,"column":44}},"135":{"start":{"line":404,"column":4},"end":{"line":404,"column":26}}},"fnMap":{"0":{"name":"(anonymous_0)","decl":{"start":{"line":29,"column":24},"end":{"line":29,"column":null}},"loc":{"start":{"line":31,"column":25},"end":{"line":37,"column":1}}},"1":{"name":"(anonymous_1)","decl":{"start":{"line":32,"column":20},"end":{"line":32,"column":21}},"loc":{"start":{"line":32,"column":31},"end":{"line":36,"column":4}}},"2":{"name":"(anonymous_2)","decl":{"start":{"line":39,"column":34},"end":{"line":39,"column":35}},"loc":{"start":{"line":39,"column":74},"end":{"line":43,"column":1}}},"3":{"name":"(anonymous_3)","decl":{"start":{"line":40,"column":23},"end":{"line":40,"column":24}},"loc":{"start":{"line":40,"column":39},"end":{"line":42,"column":3}}},"4":{"name":"(anonymous_4)","decl":{"start":{"line":45,"column":32},"end":{"line":45,"column":null}},"loc":{"start":{"line":51,"column":25},"end":{"line":59,"column":1}}},"5":{"name":"(anonymous_5)","decl":{"start":{"line":53,"column":12},"end":{"line":53,"column":13}},"loc":{"start":{"line":53,"column":22},"end":{"line":53,"column":41}}},"6":{"name":"(anonymous_6)","decl":{"start":{"line":54,"column":9},"end":{"line":54,"column":10}},"loc":{"start":{"line":54,"column":20},"end":{"line":58,"column":6}}},"7":{"name":"(anonymous_7)","decl":{"start":{"line":61,"column":28},"end":{"line":61,"column":null}},"loc":{"start":{"line":64,"column":31},"end":{"line":123,"column":1}}},"8":{"name":"(anonymous_8)","decl":{"start":{"line":126,"column":15},"end":{"line":126,"column":20}},"loc":{"start":{"line":126,"column":50},"end":{"line":130,"column":3}}},"9":{"name":"(anonymous_9)","decl":{"start":{"line":132,"column":20},"end":{"line":132,"column":25}},"loc":{"start":{"line":132,"column":55},"end":{"line":136,"column":3}}},"10":{"name":"(anonymous_10)","decl":{"start":{"line":138,"column":18},"end":{"line":138,"column":23}},"loc":{"start":{"line":138,"column":61},"end":{"line":152,"column":3}}},"11":{"name":"(anonymous_11)","decl":{"start":{"line":154,"column":17},"end":{"line":154,"column":22}},"loc":{"start":{"line":154,"column":73},"end":{"line":236,"column":3}}},"12":{"name":"(anonymous_12)","decl":{"start":{"line":238,"column":17},"end":{"line":238,"column":22}},"loc":{"start":{"line":242,"column":6},"end":{"line":387,"column":3}}},"13":{"name":"(anonymous_13)","decl":{"start":{"line":389,"column":17},"end":{"line":389,"column":22}},"loc":{"start":{"line":389,"column":38},"end":{"line":405,"column":3}}}},"branchMap":{"0":{"loc":{"start":{"line":35,"column":12},"end":{"line":35,"column":31}},"type":"binary-expr","locations":[{"start":{"line":35,"column":12},"end":{"line":35,"column":23}},{"start":{"line":35,"column":27},"end":{"line":35,"column":31}}]},"1":{"loc":{"start":{"line":41,"column":11},"end":{"line":41,"column":51}},"type":"cond-expr","locations":[{"start":{"line":41,"column":25},"end":{"line":41,"column":43}},{"start":{"line":41,"column":46},"end":{"line":41,"column":51}}]},"2":{"loc":{"start":{"line":53,"column":22},"end":{"line":53,"column":41}},"type":"binary-expr","locations":[{"start":{"line":53,"column":22},"end":{"line":53,"column":33}},{"start":{"line":53,"column":37},"end":{"line":53,"column":41}}]},"3":{"loc":{"start":{"line":57,"column":14},"end":{"line":57,"column":33}},"type":"binary-expr","locations":[{"start":{"line":57,"column":14},"end":{"line":57,"column":25}},{"start":{"line":57,"column":29},"end":{"line":57,"column":33}}]},"4":{"loc":{"start":{"line":67,"column":2},"end":{"line":87,"column":3}},"type":"if","locations":[{"start":{"line":67,"column":2},"end":{"line":87,"column":3}},{"start":{},"end":{}}]},"5":{"loc":{"start":{"line":89,"column":2},"end":{"line":93,"column":3}},"type":"if","locations":[{"start":{"line":89,"column":2},"end":{"line":93,"column":3}},{"start":{},"end":{}}]},"6":{"loc":{"start":{"line":96,"column":12},"end":{"line":96,"column":32}},"type":"binary-expr","locations":[{"start":{"line":96,"column":12},"end":{"line":96,"column":24}},{"start":{"line":96,"column":28},"end":{"line":96,"column":32}}]},"7":{"loc":{"start":{"line":99,"column":2},"end":{"line":120,"column":3}},"type":"if","locations":[{"start":{"line":99,"column":2},"end":{"line":120,"column":3}},{"start":{},"end":{}}]},"8":{"loc":{"start":{"line":122,"column":9},"end":{"line":122,"column":51}},"type":"cond-expr","locations":[{"start":{"line":122,"column":30},"end":{"line":122,"column":46}},{"start":{"line":122,"column":49},"end":{"line":122,"column":51}}]},"9":{"loc":{"start":{"line":139,"column":20},"end":{"line":141,"column":50}},"type":"cond-expr","locations":[{"start":{"line":140,"column":8},"end":{"line":140,"column":49}},{"start":{"line":141,"column":8},"end":{"line":141,"column":50}}]},"10":{"loc":{"start":{"line":143,"column":4},"end":{"line":145,"column":5}},"type":"if","locations":[{"start":{"line":143,"column":4},"end":{"line":145,"column":5}},{"start":{},"end":{}}]},"11":{"loc":{"start":{"line":147,"column":4},"end":{"line":149,"column":5}},"type":"if","locations":[{"start":{"line":147,"column":4},"end":{"line":149,"column":5}},{"start":{},"end":{}}]},"12":{"loc":{"start":{"line":147,"column":8},"end":{"line":147,"column":39}},"type":"binary-expr","locations":[{"start":{"line":147,"column":8},"end":{"line":147,"column":20}},{"start":{"line":147,"column":24},"end":{"line":147,"column":39}}]},"13":{"loc":{"start":{"line":159,"column":4},"end":{"line":161,"column":5}},"type":"if","locations":[{"start":{"line":159,"column":4},"end":{"line":161,"column":5}},{"start":{},"end":{}}]},"14":{"loc":{"start":{"line":167,"column":4},"end":{"line":169,"column":5}},"type":"if","locations":[{"start":{"line":167,"column":4},"end":{"line":169,"column":5}},{"start":{},"end":{}}]},"15":{"loc":{"start":{"line":175,"column":6},"end":{"line":179,"column":7}},"type":"if","locations":[{"start":{"line":175,"column":6},"end":{"line":179,"column":7}},{"start":{},"end":{}}]},"16":{"loc":{"start":{"line":186,"column":21},"end":{"line":186,"column":46}},"type":"binary-expr","locations":[{"start":{"line":186,"column":21},"end":{"line":186,"column":37}},{"start":{"line":186,"column":41},"end":{"line":186,"column":46}}]},"17":{"loc":{"start":{"line":187,"column":22},"end":{"line":187,"column":44}},"type":"binary-expr","locations":[{"start":{"line":187,"column":22},"end":{"line":187,"column":39}},{"start":{"line":187,"column":43},"end":{"line":187,"column":44}}]},"18":{"loc":{"start":{"line":188,"column":16},"end":{"line":188,"column":35}},"type":"binary-expr","locations":[{"start":{"line":188,"column":16},"end":{"line":188,"column":27}},{"start":{"line":188,"column":31},"end":{"line":188,"column":35}}]},"19":{"loc":{"start":{"line":198,"column":6},"end":{"line":215,"column":7}},"type":"if","locations":[{"start":{"line":198,"column":6},"end":{"line":215,"column":7}},{"start":{"line":213,"column":13},"end":{"line":215,"column":7}}]},"20":{"loc":{"start":{"line":199,"column":39},"end":{"line":199,"column":56}},"type":"binary-expr","locations":[{"start":{"line":199,"column":39},"end":{"line":199,"column":50}},{"start":{"line":199,"column":54},"end":{"line":199,"column":56}}]},"21":{"loc":{"start":{"line":201,"column":8},"end":{"line":206,"column":9}},"type":"if","locations":[{"start":{"line":201,"column":8},"end":{"line":206,"column":9}},{"start":{},"end":{}}]},"22":{"loc":{"start":{"line":214,"column":27},"end":{"line":214,"column":42}},"type":"binary-expr","locations":[{"start":{"line":214,"column":27},"end":{"line":214,"column":37}},{"start":{"line":214,"column":41},"end":{"line":214,"column":42}}]},"23":{"loc":{"start":{"line":223,"column":6},"end":{"line":225,"column":7}},"type":"if","locations":[{"start":{"line":223,"column":6},"end":{"line":225,"column":7}},{"start":{},"end":{}}]},"24":{"loc":{"start":{"line":227,"column":6},"end":{"line":232,"column":7}},"type":"if","locations":[{"start":{"line":227,"column":6},"end":{"line":232,"column":7}},{"start":{},"end":{}}]},"25":{"loc":{"start":{"line":228,"column":8},"end":{"line":229,"column":30}},"type":"binary-expr","locations":[{"start":{"line":228,"column":8},"end":{"line":228,"column":61}},{"start":{"line":229,"column":8},"end":{"line":229,"column":30}}]},"26":{"loc":{"start":{"line":245,"column":4},"end":{"line":247,"column":5}},"type":"if","locations":[{"start":{"line":245,"column":4},"end":{"line":247,"column":5}},{"start":{},"end":{}}]},"27":{"loc":{"start":{"line":249,"column":28},"end":{"line":249,"column":75}},"type":"binary-expr","locations":[{"start":{"line":249,"column":28},"end":{"line":249,"column":44}},{"start":{"line":249,"column":48},"end":{"line":249,"column":75}}]},"28":{"loc":{"start":{"line":251,"column":4},"end":{"line":259,"column":5}},"type":"if","locations":[{"start":{"line":251,"column":4},"end":{"line":259,"column":5}},{"start":{},"end":{}}]},"29":{"loc":{"start":{"line":256,"column":6},"end":{"line":258,"column":7}},"type":"if","locations":[{"start":{"line":256,"column":6},"end":{"line":258,"column":7}},{"start":{},"end":{}}]},"30":{"loc":{"start":{"line":261,"column":4},"end":{"line":268,"column":5}},"type":"if","locations":[{"start":{"line":261,"column":4},"end":{"line":268,"column":5}},{"start":{},"end":{}}]},"31":{"loc":{"start":{"line":265,"column":6},"end":{"line":267,"column":7}},"type":"if","locations":[{"start":{"line":265,"column":6},"end":{"line":267,"column":7}},{"start":{},"end":{}}]},"32":{"loc":{"start":{"line":270,"column":57},"end":{"line":274,"column":17}},"type":"cond-expr","locations":[{"start":{"line":271,"column":8},"end":{"line":273,"column":57}},{"start":{"line":274,"column":8},"end":{"line":274,"column":17}}]},"33":{"loc":{"start":{"line":271,"column":8},"end":{"line":273,"column":57}},"type":"cond-expr","locations":[{"start":{"line":272,"column":10},"end":{"line":272,"column":38}},{"start":{"line":273,"column":10},"end":{"line":273,"column":57}}]},"34":{"loc":{"start":{"line":276,"column":4},"end":{"line":281,"column":5}},"type":"if","locations":[{"start":{"line":276,"column":4},"end":{"line":281,"column":5}},{"start":{},"end":{}}]},"35":{"loc":{"start":{"line":276,"column":8},"end":{"line":276,"column":69}},"type":"binary-expr","locations":[{"start":{"line":276,"column":8},"end":{"line":276,"column":23}},{"start":{"line":276,"column":28},"end":{"line":276,"column":40}},{"start":{"line":276,"column":44},"end":{"line":276,"column":68}}]},"36":{"loc":{"start":{"line":288,"column":6},"end":{"line":296,"column":7}},"type":"if","locations":[{"start":{"line":288,"column":6},"end":{"line":296,"column":7}},{"start":{"line":293,"column":13},"end":{"line":296,"column":7}}]},"37":{"loc":{"start":{"line":293,"column":13},"end":{"line":296,"column":7}},"type":"if","locations":[{"start":{"line":293,"column":13},"end":{"line":296,"column":7}},{"start":{},"end":{}}]},"38":{"loc":{"start":{"line":303,"column":6},"end":{"line":305,"column":7}},"type":"if","locations":[{"start":{"line":303,"column":6},"end":{"line":305,"column":7}},{"start":{},"end":{}}]},"39":{"loc":{"start":{"line":307,"column":6},"end":{"line":309,"column":7}},"type":"if","locations":[{"start":{"line":307,"column":6},"end":{"line":309,"column":7}},{"start":{},"end":{}}]},"40":{"loc":{"start":{"line":311,"column":6},"end":{"line":313,"column":7}},"type":"if","locations":[{"start":{"line":311,"column":6},"end":{"line":313,"column":7}},{"start":{},"end":{}}]},"41":{"loc":{"start":{"line":315,"column":6},"end":{"line":317,"column":7}},"type":"if","locations":[{"start":{"line":315,"column":6},"end":{"line":317,"column":7}},{"start":{},"end":{}}]},"42":{"loc":{"start":{"line":319,"column":6},"end":{"line":321,"column":7}},"type":"if","locations":[{"start":{"line":319,"column":6},"end":{"line":321,"column":7}},{"start":{},"end":{}}]},"43":{"loc":{"start":{"line":323,"column":6},"end":{"line":325,"column":7}},"type":"if","locations":[{"start":{"line":323,"column":6},"end":{"line":325,"column":7}},{"start":{},"end":{}}]},"44":{"loc":{"start":{"line":327,"column":6},"end":{"line":329,"column":7}},"type":"if","locations":[{"start":{"line":327,"column":6},"end":{"line":329,"column":7}},{"start":{},"end":{}}]},"45":{"loc":{"start":{"line":331,"column":6},"end":{"line":337,"column":7}},"type":"if","locations":[{"start":{"line":331,"column":6},"end":{"line":337,"column":7}},{"start":{},"end":{}}]},"46":{"loc":{"start":{"line":339,"column":6},"end":{"line":350,"column":7}},"type":"if","locations":[{"start":{"line":339,"column":6},"end":{"line":350,"column":7}},{"start":{"line":347,"column":13},"end":{"line":350,"column":7}}]},"47":{"loc":{"start":{"line":340,"column":53},"end":{"line":340,"column":70}},"type":"binary-expr","locations":[{"start":{"line":340,"column":53},"end":{"line":340,"column":64}},{"start":{"line":340,"column":68},"end":{"line":340,"column":70}}]},"48":{"loc":{"start":{"line":342,"column":8},"end":{"line":346,"column":9}},"type":"if","locations":[{"start":{"line":342,"column":8},"end":{"line":346,"column":9}},{"start":{},"end":{}}]},"49":{"loc":{"start":{"line":344,"column":20},"end":{"line":344,"column":37}},"type":"binary-expr","locations":[{"start":{"line":344,"column":20},"end":{"line":344,"column":31}},{"start":{"line":344,"column":35},"end":{"line":344,"column":37}}]},"50":{"loc":{"start":{"line":349,"column":10},"end":{"line":349,"column":76}},"type":"cond-expr","locations":[{"start":{"line":349,"column":37},"end":{"line":349,"column":47}},{"start":{"line":349,"column":50},"end":{"line":349,"column":76}}]},"51":{"loc":{"start":{"line":349,"column":50},"end":{"line":349,"column":76}},"type":"binary-expr","locations":[{"start":{"line":349,"column":50},"end":{"line":349,"column":71}},{"start":{"line":349,"column":75},"end":{"line":349,"column":76}}]},"52":{"loc":{"start":{"line":353,"column":8},"end":{"line":354,"column":57}},"type":"binary-expr","locations":[{"start":{"line":353,"column":8},"end":{"line":353,"column":33}},{"start":{"line":354,"column":9},"end":{"line":354,"column":36}},{"start":{"line":354,"column":40},"end":{"line":354,"column":56}}]},"53":{"loc":{"start":{"line":362,"column":6},"end":{"line":364,"column":7}},"type":"if","locations":[{"start":{"line":362,"column":6},"end":{"line":364,"column":7}},{"start":{},"end":{}}]},"54":{"loc":{"start":{"line":362,"column":10},"end":{"line":362,"column":50}},"type":"binary-expr","locations":[{"start":{"line":362,"column":10},"end":{"line":362,"column":14}},{"start":{"line":362,"column":18},"end":{"line":362,"column":50}}]},"55":{"loc":{"start":{"line":366,"column":6},"end":{"line":368,"column":7}},"type":"if","locations":[{"start":{"line":366,"column":6},"end":{"line":368,"column":7}},{"start":{},"end":{}}]},"56":{"loc":{"start":{"line":366,"column":10},"end":{"line":366,"column":71}},"type":"binary-expr","locations":[{"start":{"line":366,"column":10},"end":{"line":366,"column":35}},{"start":{"line":366,"column":39},"end":{"line":366,"column":71}}]},"57":{"loc":{"start":{"line":374,"column":6},"end":{"line":376,"column":7}},"type":"if","locations":[{"start":{"line":374,"column":6},"end":{"line":376,"column":7}},{"start":{},"end":{}}]},"58":{"loc":{"start":{"line":378,"column":6},"end":{"line":383,"column":7}},"type":"if","locations":[{"start":{"line":378,"column":6},"end":{"line":383,"column":7}},{"start":{},"end":{}}]},"59":{"loc":{"start":{"line":379,"column":8},"end":{"line":380,"column":30}},"type":"binary-expr","locations":[{"start":{"line":379,"column":8},"end":{"line":379,"column":61}},{"start":{"line":380,"column":8},"end":{"line":380,"column":30}}]},"60":{"loc":{"start":{"line":392,"column":4},"end":{"line":394,"column":5}},"type":"if","locations":[{"start":{"line":392,"column":4},"end":{"line":394,"column":5}},{"start":{},"end":{}}]},"61":{"loc":{"start":{"line":396,"column":4},"end":{"line":398,"column":5}},"type":"if","locations":[{"start":{"line":396,"column":4},"end":{"line":398,"column":5}},{"start":{},"end":{}}]}},"s":{"0":1,"1":1,"2":1,"3":1,"4":1,"5":1,"6":1,"7":3,"8":3,"9":1,"10":3,"11":4,"12":1,"13":2,"14":2,"15":1,"16":1,"17":3,"18":3,"19":1,"20":3,"21":1,"22":3,"23":3,"24":2,"25":3,"26":1,"27":2,"28":2,"29":1,"30":1,"31":4,"32":4,"33":1,"34":3,"35":1,"36":2,"37":7,"38":7,"39":1,"40":6,"41":6,"42":1,"43":5,"44":5,"45":5,"46":5,"47":2,"48":2,"49":2,"50":5,"51":5,"52":2,"53":2,"54":1,"55":1,"56":1,"57":3,"58":4,"59":2,"60":2,"61":3,"62":1,"63":3,"64":1,"65":2,"66":9,"67":9,"68":1,"69":8,"70":8,"71":2,"72":2,"73":1,"74":7,"75":2,"76":2,"77":1,"78":6,"79":6,"80":1,"81":5,"82":5,"83":5,"84":5,"85":5,"86":2,"87":2,"88":2,"89":2,"90":3,"91":1,"92":1,"93":5,"94":5,"95":1,"96":5,"97":1,"98":5,"99":1,"100":5,"101":1,"102":5,"103":1,"104":5,"105":1,"106":5,"107":2,"108":5,"109":1,"110":5,"111":2,"112":2,"113":1,"114":3,"115":5,"116":5,"117":4,"118":1,"119":4,"120":1,"121":4,"122":4,"123":1,"124":1,"125":1,"126":0,"127":1,"128":3,"129":3,"130":1,"131":2,"132":1,"133":1,"134":1,"135":1},"f":{"0":3,"1":3,"2":3,"3":4,"4":2,"5":2,"6":1,"7":3,"8":2,"9":1,"10":4,"11":7,"12":9,"13":3},"b":{"0":[3,2],"1":[3,1],"2":[2,0],"3":[1,0],"4":[1,2],"5":[1,2],"6":[3,2],"7":[2,1],"8":[3,0],"9":[1,3],"10":[1,3],"11":[1,2],"12":[3,2],"13":[1,6],"14":[1,5],"15":[2,3],"16":[5,3],"17":[5,5],"18":[5,5],"19":[2,3],"20":[2,0],"21":[1,1],"22":[3,2],"23":[1,2],"24":[1,2],"25":[3,1],"26":[1,8],"27":[8,6],"28":[2,6],"29":[1,1],"30":[2,5],"31":[1,1],"32":[3,3],"33":[1,2],"34":[1,5],"35":[6,3,3],"36":[2,3],"37":[1,2],"38":[1,4],"39":[1,4],"40":[1,4],"41":[1,4],"42":[1,4],"43":[1,4],"44":[2,3],"45":[1,4],"46":[2,3],"47":[2,0],"48":[1,1],"49":[1,0],"50":[2,1],"51":[1,0],"52":[5,4,2],"53":[1,3],"54":[4,1],"55":[1,3],"56":[4,1],"57":[1,0],"58":[0,1],"59":[1,0],"60":[1,2],"61":[1,1]}}
,"C:\\Users\\Corina\\Desktop\\joyeria_pruebas\\backend\\src\\utils\\appError.ts": {"path":"C:\\Users\\Corina\\Desktop\\joyeria_pruebas\\backend\\src\\utils\\appError.ts","statementMap":{"0":{"start":{"line":6,"column":4},"end":{"line":6,"column":19}},"1":{"start":{"line":7,"column":4},"end":{"line":7,"column":33}},"2":{"start":{"line":8,"column":4},"end":{"line":8,"column":30}},"3":{"start":{"line":10,"column":4},"end":{"line":10,"column":54}},"4":{"start":{"line":11,"column":4},"end":{"line":11,"column":34}},"5":{"start":{"line":1,"column":0},"end":{"line":1,"column":13}}},"fnMap":{"0":{"name":"(anonymous_0)","decl":{"start":{"line":5,"column":2},"end":{"line":5,"column":14}},"loc":{"start":{"line":5,"column":47},"end":{"line":12,"column":3}}}},"branchMap":{"0":{"loc":{"start":{"line":5,"column":31},"end":{"line":5,"column":47}},"type":"default-arg","locations":[{"start":{"line":5,"column":44},"end":{"line":5,"column":47}}]}},"s":{"0":45,"1":45,"2":45,"3":45,"4":45,"5":6},"f":{"0":45},"b":{"0":[0]}}
,"C:\\Users\\Corina\\Desktop\\joyeria_pruebas\\backend\\src\\utils\\asyncHandler.ts": {"path":"C:\\Users\\Corina\\Desktop\\joyeria_pruebas\\backend\\src\\utils\\asyncHandler.ts","statementMap":{"0":{"start":{"line":3,"column":28},"end":{"line":9,"column":1}},"1":{"start":{"line":6,"column":2},"end":{"line":8,"column":4}},"2":{"start":{"line":7,"column":4},"end":{"line":7,"column":52}},"3":{"start":{"line":3,"column":13},"end":{"line":3,"column":28}}},"fnMap":{"0":{"name":"(anonymous_0)","decl":{"start":{"line":3,"column":28},"end":{"line":3,"column":null}},"loc":{"start":{"line":5,"column":20},"end":{"line":9,"column":1}}},"1":{"name":"(anonymous_1)","decl":{"start":{"line":6,"column":9},"end":{"line":6,"column":10}},"loc":{"start":{"line":6,"column":28},"end":{"line":8,"column":3}}}},"branchMap":{},"s":{"0":1,"1":1,"2":1,"3":1},"f":{"0":1,"1":1},"b":{}}
,"C:\\Users\\Corina\\Desktop\\joyeria_pruebas\\backend\\src\\utils\\hash.ts": {"path":"C:\\Users\\Corina\\Desktop\\joyeria_pruebas\\backend\\src\\utils\\hash.ts","statementMap":{"0":{"start":{"line":1,"column":0},"end":{"line":1,"column":30}},"1":{"start":{"line":3,"column":28},"end":{"line":6,"column":1}},"2":{"start":{"line":4,"column":15},"end":{"line":4,"column":39}},"3":{"start":{"line":5,"column":2},"end":{"line":5,"column":37}},"4":{"start":{"line":3,"column":13},"end":{"line":3,"column":28}},"5":{"start":{"line":8,"column":31},"end":{"line":13,"column":1}},"6":{"start":{"line":12,"column":2},"end":{"line":12,"column":50}},"7":{"start":{"line":8,"column":13},"end":{"line":8,"column":31}}},"fnMap":{"0":{"name":"(anonymous_1)","decl":{"start":{"line":3,"column":28},"end":{"line":3,"column":33}},"loc":{"start":{"line":3,"column":72},"end":{"line":6,"column":1}}},"1":{"name":"(anonymous_2)","decl":{"start":{"line":8,"column":31},"end":{"line":8,"column":36}},"loc":{"start":{"line":11,"column":22},"end":{"line":13,"column":1}}}},"branchMap":{},"s":{"0":1,"1":1,"2":1,"3":1,"4":1,"5":1,"6":2,"7":1},"f":{"0":1,"1":2},"b":{}}
,"C:\\Users\\Corina\\Desktop\\joyeria_pruebas\\backend\\src\\utils\\jwt.ts": {"path":"C:\\Users\\Corina\\Desktop\\joyeria_pruebas\\backend\\src\\utils\\jwt.ts","statementMap":{"0":{"start":{"line":1,"column":0},"end":{"line":1,"column":31}},"1":{"start":{"line":9,"column":29},"end":{"line":16,"column":1}},"2":{"start":{"line":10,"column":17},"end":{"line":10,"column":39}},"3":{"start":{"line":11,"column":2},"end":{"line":13,"column":3}},"4":{"start":{"line":12,"column":4},"end":{"line":12,"column":79}},"5":{"start":{"line":15,"column":2},"end":{"line":15,"column":56}},"6":{"start":{"line":9,"column":13},"end":{"line":9,"column":29}},"7":{"start":{"line":18,"column":27},"end":{"line":25,"column":1}},"8":{"start":{"line":19,"column":17},"end":{"line":19,"column":39}},"9":{"start":{"line":20,"column":2},"end":{"line":22,"column":3}},"10":{"start":{"line":21,"column":4},"end":{"line":21,"column":79}},"11":{"start":{"line":24,"column":2},"end":{"line":24,"column":49}},"12":{"start":{"line":18,"column":13},"end":{"line":18,"column":27}}},"fnMap":{"0":{"name":"(anonymous_1)","decl":{"start":{"line":9,"column":29},"end":{"line":9,"column":30}},"loc":{"start":{"line":9,"column":61},"end":{"line":16,"column":1}}},"1":{"name":"(anonymous_2)","decl":{"start":{"line":18,"column":27},"end":{"line":18,"column":28}},"loc":{"start":{"line":18,"column":57},"end":{"line":25,"column":1}}}},"branchMap":{"0":{"loc":{"start":{"line":11,"column":2},"end":{"line":13,"column":3}},"type":"if","locations":[{"start":{"line":11,"column":2},"end":{"line":13,"column":3}},{"start":{},"end":{}}]},"1":{"loc":{"start":{"line":20,"column":2},"end":{"line":22,"column":3}},"type":"if","locations":[{"start":{"line":20,"column":2},"end":{"line":22,"column":3}},{"start":{},"end":{}}]}},"s":{"0":1,"1":1,"2":2,"3":2,"4":1,"5":1,"6":1,"7":1,"8":2,"9":2,"10":1,"11":1,"12":1},"f":{"0":2,"1":2},"b":{"0":[1,1],"1":[1,1]}}
,"C:\\Users\\Corina\\Desktop\\joyeria_pruebas\\backend\\src\\utils\\productInput.util.ts": {"path":"C:\\Users\\Corina\\Desktop\\joyeria_pruebas\\backend\\src\\utils\\productInput.util.ts","statementMap":{"0":{"start":{"line":1,"column":0},"end":{"line":1,"column":41}},"1":{"start":{"line":9,"column":36},"end":{"line":20,"column":1}},"2":{"start":{"line":10,"column":2},"end":{"line":10,"column":78}},"3":{"start":{"line":10,"column":61},"end":{"line":10,"column":78}},"4":{"start":{"line":11,"column":2},"end":{"line":11,"column":47}},"5":{"start":{"line":11,"column":34},"end":{"line":11,"column":47}},"6":{"start":{"line":13,"column":2},"end":{"line":17,"column":3}},"7":{"start":{"line":14,"column":23},"end":{"line":14,"column":49}},"8":{"start":{"line":15,"column":4},"end":{"line":15,"column":43}},"9":{"start":{"line":15,"column":31},"end":{"line":15,"column":43}},"10":{"start":{"line":16,"column":4},"end":{"line":16,"column":45}},"11":{"start":{"line":16,"column":32},"end":{"line":16,"column":45}},"12":{"start":{"line":19,"column":2},"end":{"line":19,"column":19}},"13":{"start":{"line":9,"column":13},"end":{"line":9,"column":36}},"14":{"start":{"line":22,"column":35},"end":{"line":26,"column":1}},"15":{"start":{"line":23,"column":2},"end":{"line":23,"column":78}},"16":{"start":{"line":23,"column":61},"end":{"line":23,"column":78}},"17":{"start":{"line":24,"column":17},"end":{"line":24,"column":30}},"18":{"start":{"line":25,"column":2},"end":{"line":25,"column":51}},"19":{"start":{"line":22,"column":13},"end":{"line":22,"column":35}},"20":{"start":{"line":28,"column":34},"end":{"line":30,"column":1}},"21":{"start":{"line":29,"column":2},"end":{"line":29,"column":36}},"22":{"start":{"line":28,"column":13},"end":{"line":28,"column":34}},"23":{"start":{"line":32,"column":32},"end":{"line":100,"column":1}},"24":{"start":{"line":35,"column":2},"end":{"line":35,"column":78}},"25":{"start":{"line":35,"column":61},"end":{"line":35,"column":78}},"26":{"start":{"line":37,"column":17},"end":{"line":37,"column":22}},"27":{"start":{"line":39,"column":2},"end":{"line":48,"column":3}},"28":{"start":{"line":40,"column":4},"end":{"line":47,"column":5}},"29":{"start":{"line":41,"column":6},"end":{"line":41,"column":38}},"30":{"start":{"line":43,"column":6},"end":{"line":46,"column":8}},"31":{"start":{"line":50,"column":2},"end":{"line":52,"column":3}},"32":{"start":{"line":51,"column":4},"end":{"line":51,"column":73}},"33":{"start":{"line":54,"column":17},"end":{"line":87,"column":4}},"34":{"start":{"line":55,"column":4},"end":{"line":60,"column":5}},"35":{"start":{"line":56,"column":6},"end":{"line":59,"column":8}},"36":{"start":{"line":62,"column":18},"end":{"line":62,"column":77}},"37":{"start":{"line":63,"column":18},"end":{"line":63,"column":65}},"38":{"start":{"line":64,"column":19},"end":{"line":65,"column":null}},"39":{"start":{"line":68,"column":4},"end":{"line":73,"column":5}},"40":{"start":{"line":69,"column":6},"end":{"line":72,"column":8}},"41":{"start":{"line":75,"column":4},"end":{"line":80,"column":5}},"42":{"start":{"line":76,"column":6},"end":{"line":79,"column":8}},"43":{"start":{"line":82,"column":4},"end":{"line":86,"column":6}},"44":{"start":{"line":89,"column":26},"end":{"line":89,"column":72}},"45":{"start":{"line":89,"column":47},"end":{"line":89,"column":71}},"46":{"start":{"line":90,"column":22},"end":{"line":90,"column":46}},"47":{"start":{"line":92,"column":2},"end":{"line":97,"column":3}},"48":{"start":{"line":93,"column":4},"end":{"line":96,"column":6}},"49":{"start":{"line":99,"column":2},"end":{"line":99,"column":16}},"50":{"start":{"line":32,"column":13},"end":{"line":32,"column":32}},"51":{"start":{"line":102,"column":36},"end":{"line":106,"column":1}},"52":{"start":{"line":103,"column":2},"end":{"line":105,"column":48}},"53":{"start":{"line":104,"column":22},"end":{"line":104,"column":43}},"54":{"start":{"line":105,"column":27},"end":{"line":105,"column":43}},"55":{"start":{"line":102,"column":13},"end":{"line":102,"column":36}}},"fnMap":{"0":{"name":"(anonymous_0)","decl":{"start":{"line":9,"column":36},"end":{"line":9,"column":37}},"loc":{"start":{"line":9,"column":76},"end":{"line":20,"column":1}}},"1":{"name":"(anonymous_1)","decl":{"start":{"line":22,"column":35},"end":{"line":22,"column":36}},"loc":{"start":{"line":22,"column":74},"end":{"line":26,"column":1}}},"2":{"name":"(anonymous_2)","decl":{"start":{"line":28,"column":34},"end":{"line":28,"column":35}},"loc":{"start":{"line":28,"column":61},"end":{"line":30,"column":1}}},"3":{"name":"(anonymous_3)","decl":{"start":{"line":32,"column":32},"end":{"line":32,"column":null}},"loc":{"start":{"line":34,"column":36},"end":{"line":100,"column":1}}},"4":{"name":"(anonymous_4)","decl":{"start":{"line":54,"column":30},"end":{"line":54,"column":31}},"loc":{"start":{"line":54,"column":46},"end":{"line":87,"column":3}}},"5":{"name":"(anonymous_5)","decl":{"start":{"line":89,"column":37},"end":{"line":89,"column":38}},"loc":{"start":{"line":89,"column":47},"end":{"line":89,"column":71}}},"6":{"name":"(anonymous_6)","decl":{"start":{"line":102,"column":36},"end":{"line":102,"column":37}},"loc":{"start":{"line":102,"column":75},"end":{"line":106,"column":1}}},"7":{"name":"(anonymous_7)","decl":{"start":{"line":104,"column":12},"end":{"line":104,"column":13}},"loc":{"start":{"line":104,"column":22},"end":{"line":104,"column":43}}},"8":{"name":"(anonymous_8)","decl":{"start":{"line":105,"column":12},"end":{"line":105,"column":13}},"loc":{"start":{"line":105,"column":27},"end":{"line":105,"column":43}}}},"branchMap":{"0":{"loc":{"start":{"line":10,"column":2},"end":{"line":10,"column":78}},"type":"if","locations":[{"start":{"line":10,"column":2},"end":{"line":10,"column":78}},{"start":{},"end":{}}]},"1":{"loc":{"start":{"line":10,"column":6},"end":{"line":10,"column":59}},"type":"binary-expr","locations":[{"start":{"line":10,"column":6},"end":{"line":10,"column":25}},{"start":{"line":10,"column":29},"end":{"line":10,"column":43}},{"start":{"line":10,"column":47},"end":{"line":10,"column":59}}]},"2":{"loc":{"start":{"line":11,"column":2},"end":{"line":11,"column":47}},"type":"if","locations":[{"start":{"line":11,"column":2},"end":{"line":11,"column":47}},{"start":{},"end":{}}]},"3":{"loc":{"start":{"line":13,"column":2},"end":{"line":17,"column":3}},"type":"if","locations":[{"start":{"line":13,"column":2},"end":{"line":17,"column":3}},{"start":{},"end":{}}]},"4":{"loc":{"start":{"line":15,"column":4},"end":{"line":15,"column":43}},"type":"if","locations":[{"start":{"line":15,"column":4},"end":{"line":15,"column":43}},{"start":{},"end":{}}]},"5":{"loc":{"start":{"line":16,"column":4},"end":{"line":16,"column":45}},"type":"if","locations":[{"start":{"line":16,"column":4},"end":{"line":16,"column":45}},{"start":{},"end":{}}]},"6":{"loc":{"start":{"line":23,"column":2},"end":{"line":23,"column":78}},"type":"if","locations":[{"start":{"line":23,"column":2},"end":{"line":23,"column":78}},{"start":{},"end":{}}]},"7":{"loc":{"start":{"line":23,"column":6},"end":{"line":23,"column":59}},"type":"binary-expr","locations":[{"start":{"line":23,"column":6},"end":{"line":23,"column":25}},{"start":{"line":23,"column":29},"end":{"line":23,"column":43}},{"start":{"line":23,"column":47},"end":{"line":23,"column":59}}]},"8":{"loc":{"start":{"line":25,"column":9},"end":{"line":25,"column":50}},"type":"cond-expr","locations":[{"start":{"line":25,"column":32},"end":{"line":25,"column":41}},{"start":{"line":25,"column":44},"end":{"line":25,"column":50}}]},"9":{"loc":{"start":{"line":29,"column":16},"end":{"line":29,"column":27}},"type":"binary-expr","locations":[{"start":{"line":29,"column":16},"end":{"line":29,"column":21}},{"start":{"line":29,"column":25},"end":{"line":29,"column":27}}]},"10":{"loc":{"start":{"line":35,"column":2},"end":{"line":35,"column":78}},"type":"if","locations":[{"start":{"line":35,"column":2},"end":{"line":35,"column":78}},{"start":{},"end":{}}]},"11":{"loc":{"start":{"line":35,"column":6},"end":{"line":35,"column":59}},"type":"binary-expr","locations":[{"start":{"line":35,"column":6},"end":{"line":35,"column":25}},{"start":{"line":35,"column":29},"end":{"line":35,"column":43}},{"start":{"line":35,"column":47},"end":{"line":35,"column":59}}]},"12":{"loc":{"start":{"line":39,"column":2},"end":{"line":48,"column":3}},"type":"if","locations":[{"start":{"line":39,"column":2},"end":{"line":48,"column":3}},{"start":{},"end":{}}]},"13":{"loc":{"start":{"line":50,"column":2},"end":{"line":52,"column":3}},"type":"if","locations":[{"start":{"line":50,"column":2},"end":{"line":52,"column":3}},{"start":{},"end":{}}]},"14":{"loc":{"start":{"line":55,"column":4},"end":{"line":60,"column":5}},"type":"if","locations":[{"start":{"line":55,"column":4},"end":{"line":60,"column":5}},{"start":{},"end":{}}]},"15":{"loc":{"start":{"line":55,"column":8},"end":{"line":55,"column":41}},"type":"binary-expr","locations":[{"start":{"line":55,"column":8},"end":{"line":55,"column":13}},{"start":{"line":55,"column":17},"end":{"line":55,"column":41}}]},"16":{"loc":{"start":{"line":68,"column":4},"end":{"line":73,"column":5}},"type":"if","locations":[{"start":{"line":68,"column":4},"end":{"line":73,"column":5}},{"start":{},"end":{}}]},"17":{"loc":{"start":{"line":75,"column":4},"end":{"line":80,"column":5}},"type":"if","locations":[{"start":{"line":75,"column":4},"end":{"line":80,"column":5}},{"start":{},"end":{}}]},"18":{"loc":{"start":{"line":75,"column":8},"end":{"line":75,"column":68}},"type":"binary-expr","locations":[{"start":{"line":75,"column":8},"end":{"line":75,"column":27}},{"start":{"line":75,"column":31},"end":{"line":75,"column":40}},{"start":{"line":75,"column":44},"end":{"line":75,"column":68}}]},"19":{"loc":{"start":{"line":85,"column":14},"end":{"line":85,"column":28}},"type":"binary-expr","locations":[{"start":{"line":85,"column":14},"end":{"line":85,"column":20}},{"start":{"line":85,"column":24},"end":{"line":85,"column":28}}]},"20":{"loc":{"start":{"line":92,"column":2},"end":{"line":97,"column":3}},"type":"if","locations":[{"start":{"line":92,"column":2},"end":{"line":97,"column":3}},{"start":{},"end":{}}]}},"s":{"0":1,"1":1,"2":13,"3":8,"4":5,"5":2,"6":3,"7":3,"8":3,"9":1,"10":2,"11":1,"12":1,"13":1,"14":1,"15":3,"16":1,"17":2,"18":2,"19":1,"20":1,"21":7,"22":1,"23":1,"24":9,"25":1,"26":8,"27":8,"28":2,"29":2,"30":1,"31":7,"32":1,"33":6,"34":7,"35":1,"36":6,"37":6,"38":6,"39":6,"40":1,"41":5,"42":1,"43":4,"44":3,"45":4,"46":3,"47":3,"48":1,"49":2,"50":1,"51":1,"52":1,"53":2,"54":1,"55":1},"f":{"0":13,"1":3,"2":7,"3":9,"4":7,"5":4,"6":1,"7":2,"8":1},"b":{"0":[8,5],"1":[13,7,6],"2":[2,3],"3":[3,0],"4":[1,2],"5":[1,1],"6":[1,2],"7":[3,3,3],"8":[1,1],"9":[7,0],"10":[1,8],"11":[9,8,8],"12":[2,6],"13":[1,6],"14":[1,6],"15":[7,6],"16":[1,5],"17":[1,4],"18":[5,5,4],"19":[4,3],"20":[1,2]}}
}
