TN:
SF:src\middlewares\auth.middleware.ts
FN:4,(anonymous_0)
FNF:1
FNH:1
FNDA:4,(anonymous_0)
DA:2,1
DA:4,1
DA:9,4
DA:10,4
DA:12,4
DA:15,4
DA:19,4
DA:21,4
DA:22,1
DA:26,1
DA:29,3
DA:31,2
DA:36,2
DA:38,1
LF:14
LH:14
BRDA:15,0,0,2
BRDA:15,0,1,2
BRDA:15,1,0,4
BRDA:15,1,1,2
BRDA:19,2,0,4
BRDA:19,2,1,3
BRDA:21,3,0,1
BRDA:21,3,1,3
BRF:8
BRH:8
end_of_record
TN:
SF:src\middlewares\error.middleware.ts
FN:6,(anonymous_0)
FNF:1
FNH:1
FNDA:4,(anonymous_0)
DA:2,1
DA:3,1
DA:4,1
DA:6,1
DA:12,4
DA:13,4
DA:15,4
DA:16,3
DA:17,3
DA:18,3
DA:21,4
DA:22,1
DA:23,1
DA:26,4
DA:28,4
DA:29,1
DA:33,1
DA:36,3
DA:37,1
DA:42,1
DA:45,2
DA:49,1
DA:53,1
DA:56,1
LF:24
LH:24
BRDA:15,0,0,3
BRDA:15,0,1,1
BRDA:21,1,0,1
BRDA:21,1,1,3
BRDA:28,2,0,1
BRDA:28,2,1,3
BRDA:36,3,0,1
BRDA:36,3,1,2
BRDA:45,4,0,1
BRDA:45,4,1,1
BRDA:46,5,0,2
BRDA:46,5,1,1
BRDA:59,6,0,0
BRDA:59,6,1,1
BRDA:61,7,0,1
BRDA:61,7,1,0
BRF:16
BRH:14
end_of_record
TN:
SF:src\middlewares\role.middleware.ts
FN:4,(anonymous_0)
FN:5,(anonymous_1)
FNF:2
FNH:2
FNDA:3,(anonymous_0)
FNDA:3,(anonymous_1)
DA:2,1
DA:4,1
DA:5,3
DA:6,3
DA:7,1
DA:8,1
DA:11,2
DA:12,1
DA:13,1
DA:16,1
LF:10
LH:10
BRDA:6,0,0,1
BRDA:6,0,1,2
BRDA:11,1,0,1
BRDA:11,1,1,1
BRF:4
BRH:4
end_of_record
TN:
SF:src\middlewares\validate.middleware.ts
FN:10,(anonymous_0)
FN:11,(anonymous_1)
FNF:2
FNH:2
FNDA:5,(anonymous_0)
FNDA:6,(anonymous_1)
DA:2,1
DA:10,1
DA:11,5
DA:12,6
DA:13,6
DA:14,3
DA:17,4
DA:18,2
DA:21,4
DA:22,2
DA:25,4
DA:27,2
DA:28,1
DA:33,1
DA:36,1
LF:15
LH:15
BRDA:13,0,0,3
BRDA:13,0,1,3
BRDA:14,1,0,3
BRDA:14,1,1,0
BRDA:17,2,0,2
BRDA:17,2,1,2
BRDA:18,3,0,2
BRDA:18,3,1,0
BRDA:21,4,0,2
BRDA:21,4,1,2
BRDA:22,5,0,2
BRDA:22,5,1,0
BRDA:27,6,0,1
BRDA:27,6,1,1
BRF:14
BRH:11
end_of_record
TN:
SF:src\services\auth.service.ts
FN:9,(anonymous_0)
FN:64,(anonymous_1)
FN:93,(anonymous_2)
FNF:3
FNH:3
FNDA:5,(anonymous_0)
FNDA:3,(anonymous_1)
FNDA:2,(anonymous_2)
DA:1,1
DA:2,1
DA:3,1
DA:4,1
DA:5,1
DA:8,1
DA:10,5
DA:11,5
DA:12,5
DA:13,5
DA:15,5
DA:17,5
DA:18,1
DA:21,4
DA:23,4
DA:24,4
DA:31,1
DA:36,1
DA:41,3
DA:45,3
DA:49,3
DA:50,1
DA:53,2
DA:54,1
DA:57,1
DA:60,0
DA:65,3
DA:66,3
DA:68,3
DA:70,3
DA:71,1
DA:74,2
DA:76,2
DA:77,1
DA:80,1
DA:85,1
DA:87,1
DA:94,2
DA:96,2
DA:97,1
DA:100,1
LF:41
LH:40
BRDA:17,0,0,1
BRDA:17,0,1,4
BRDA:41,1,0,3
BRDA:41,1,1,0
BRDA:42,2,0,3
BRDA:42,2,1,3
BRDA:45,3,0,3
BRDA:45,3,1,0
BRDA:49,4,0,1
BRDA:49,4,1,2
BRDA:53,5,0,1
BRDA:53,5,1,1
BRDA:70,6,0,1
BRDA:70,6,1,2
BRDA:76,7,0,1
BRDA:76,7,1,1
BRDA:96,8,0,1
BRDA:96,8,1,1
BRF:18
BRH:16
end_of_record
TN:
SF:src\services\cart.service.ts
FN:9,(anonymous_0)
FN:20,(anonymous_1)
FN:25,(anonymous_2)
FN:33,(anonymous_3)
FN:52,(anonymous_4)
FN:114,(anonymous_5)
FN:163,(anonymous_6)
FN:183,(anonymous_7)
FNF:8
FNH:8
FNDA:7,(anonymous_0)
FNDA:1,(anonymous_1)
FNDA:2,(anonymous_2)
FNDA:10,(anonymous_3)
FNDA:3,(anonymous_4)
FNDA:6,(anonymous_5)
FNDA:2,(anonymous_6)
FNDA:1,(anonymous_7)
DA:1,1
DA:2,1
DA:9,1
DA:10,7
DA:12,7
DA:19,1
DA:21,1
DA:23,1
DA:25,2
DA:27,1
DA:34,10
DA:35,10
DA:36,10
DA:38,10
DA:40,10
DA:41,1
DA:44,9
DA:46,9
DA:47,4
DA:48,1
DA:51,3
DA:52,3
DA:55,3
DA:56,1
DA:59,2
DA:60,1
DA:63,1
DA:65,5
DA:66,1
DA:72,4
DA:73,1
DA:76,3
DA:79,4
DA:85,4
DA:89,4
DA:90,1
DA:96,3
DA:108,3
DA:119,6
DA:120,6
DA:122,6
DA:128,6
DA:129,1
DA:132,5
DA:134,5
DA:135,2
DA:136,1
DA:139,1
DA:141,3
DA:142,1
DA:145,2
DA:148,3
DA:149,1
DA:155,2
DA:160,2
DA:168,2
DA:170,2
DA:176,2
DA:177,1
DA:180,1
DA:184,1
LF:61
LH:61
BRDA:14,0,0,7
BRDA:14,0,1,5
BRDA:36,1,0,10
BRDA:36,1,1,6
BRDA:40,2,0,1
BRDA:40,2,1,9
BRDA:40,3,0,10
BRDA:40,3,1,9
BRDA:46,4,0,4
BRDA:46,4,1,5
BRDA:47,5,0,1
BRDA:47,5,1,3
BRDA:52,6,0,3
BRDA:52,6,1,3
BRDA:55,7,0,1
BRDA:55,7,1,2
BRDA:59,8,0,1
BRDA:59,8,1,1
BRDA:65,9,0,1
BRDA:65,9,1,4
BRDA:72,10,0,1
BRDA:72,10,1,3
BRDA:72,11,0,4
BRDA:72,11,1,4
BRDA:85,12,0,2
BRDA:85,12,1,2
BRDA:89,13,0,1
BRDA:89,13,1,3
BRDA:96,14,0,1
BRDA:96,14,1,2
BRDA:120,15,0,6
BRDA:120,15,1,6
BRDA:128,16,0,1
BRDA:128,16,1,5
BRDA:134,17,0,2
BRDA:134,17,1,3
BRDA:135,18,0,1
BRDA:135,18,1,1
BRDA:135,19,0,2
BRDA:135,19,1,1
BRDA:141,20,0,1
BRDA:141,20,1,2
BRDA:141,21,0,3
BRDA:141,21,1,2
BRDA:148,22,0,1
BRDA:148,22,1,2
BRDA:168,23,0,2
BRDA:168,23,1,2
BRDA:176,24,0,1
BRDA:176,24,1,1
BRF:50
BRH:50
end_of_record
TN:
SF:src\services\category.service.ts
FN:9,(anonymous_0)
FN:13,(anonymous_1)
FN:23,(anonymous_2)
FN:36,(anonymous_3)
FN:68,(anonymous_4)
FNF:5
FNH:5
FNDA:1,(anonymous_0)
FNDA:2,(anonymous_1)
FNDA:2,(anonymous_2)
FNDA:3,(anonymous_3)
FNDA:3,(anonymous_4)
DA:1,1
DA:2,1
DA:8,1
DA:10,1
DA:14,2
DA:16,2
DA:17,1
DA:20,1
DA:24,2
DA:26,2
DA:27,1
DA:30,1
DA:37,3
DA:39,3
DA:40,1
DA:46,2
DA:48,2
DA:49,2
DA:54,2
DA:55,1
DA:58,1
DA:61,1
DA:62,1
DA:65,1
DA:69,3
DA:71,3
DA:72,1
DA:75,2
DA:76,1
DA:82,1
LF:30
LH:30
BRDA:16,0,0,1
BRDA:16,0,1,1
BRDA:26,1,0,1
BRDA:26,1,1,1
BRDA:32,2,0,1
BRDA:32,2,1,1
BRDA:39,3,0,1
BRDA:39,3,1,2
BRDA:48,4,0,2
BRDA:48,4,1,0
BRDA:54,5,0,1
BRDA:54,5,1,1
BRDA:61,6,0,1
BRDA:61,6,1,0
BRDA:62,7,0,1
BRDA:62,7,1,1
BRDA:71,8,0,1
BRDA:71,8,1,2
BRDA:75,9,0,1
BRDA:75,9,1,1
BRF:20
BRH:18
end_of_record
TN:
SF:src\services\product.service.ts
FN:29,(anonymous_0)
FN:32,(anonymous_1)
FN:39,(anonymous_2)
FN:40,(anonymous_3)
FN:45,(anonymous_4)
FN:53,(anonymous_5)
FN:54,(anonymous_6)
FN:61,(anonymous_7)
FN:126,(anonymous_8)
FN:132,(anonymous_9)
FN:138,(anonymous_10)
FN:154,(anonymous_11)
FN:238,(anonymous_12)
FN:389,(anonymous_13)
FNF:14
FNH:14
FNDA:3,(anonymous_0)
FNDA:3,(anonymous_1)
FNDA:3,(anonymous_2)
FNDA:4,(anonymous_3)
FNDA:2,(anonymous_4)
FNDA:2,(anonymous_5)
FNDA:1,(anonymous_6)
FNDA:3,(anonymous_7)
FNDA:2,(anonymous_8)
FNDA:1,(anonymous_9)
FNDA:4,(anonymous_10)
FNDA:7,(anonymous_11)
FNDA:9,(anonymous_12)
FNDA:3,(anonymous_13)
DA:1,1
DA:2,1
DA:3,1
DA:4,1
DA:5,1
DA:6,1
DA:29,1
DA:32,3
DA:39,1
DA:40,3
DA:41,4
DA:45,1
DA:52,2
DA:53,2
DA:54,1
DA:61,1
DA:65,3
DA:67,3
DA:68,1
DA:89,3
DA:90,1
DA:95,3
DA:99,3
DA:100,2
DA:122,3
DA:125,1
DA:127,2
DA:129,2
DA:133,1
DA:135,1
DA:139,4
DA:143,4
DA:144,1
DA:147,3
DA:148,1
DA:151,2
DA:155,7
DA:159,7
DA:160,1
DA:163,6
DA:167,6
DA:168,1
DA:171,5
DA:172,5
DA:174,5
DA:175,5
DA:176,2
DA:177,2
DA:178,2
DA:181,5
DA:198,5
DA:199,2
DA:201,2
DA:202,1
DA:208,1
DA:210,1
DA:214,3
DA:217,4
DA:219,2
DA:221,2
DA:223,3
DA:224,1
DA:227,3
DA:231,1
DA:234,2
DA:243,9
DA:245,9
DA:246,1
DA:249,8
DA:251,8
DA:252,2
DA:256,2
DA:257,1
DA:261,7
DA:263,2
DA:265,2
DA:266,1
DA:270,6
DA:276,6
DA:277,1
DA:283,5
DA:284,5
DA:285,5
DA:287,5
DA:288,5
DA:289,2
DA:290,2
DA:291,2
DA:292,2
DA:293,3
DA:294,1
DA:295,1
DA:298,5
DA:303,5
DA:304,1
DA:307,5
DA:308,1
DA:311,5
DA:312,1
DA:315,5
DA:316,1
DA:319,5
DA:320,1
DA:323,5
DA:324,1
DA:327,5
DA:328,2
DA:331,5
DA:332,1
DA:339,5
DA:340,2
DA:342,2
DA:343,1
DA:348,3
DA:353,5
DA:356,5
DA:362,4
DA:363,1
DA:366,4
DA:367,1
DA:370,4
DA:372,4
DA:374,1
DA:375,1
DA:378,1
DA:382,0
DA:385,1
DA:390,3
DA:392,3
DA:393,1
DA:396,2
DA:397,1
DA:400,1
DA:402,1
DA:404,1
LF:135
LH:134
BRDA:35,0,0,3
BRDA:35,0,1,2
BRDA:41,1,0,3
BRDA:41,1,1,1
BRDA:53,2,0,2
BRDA:53,2,1,0
BRDA:57,3,0,1
BRDA:57,3,1,0
BRDA:67,4,0,1
BRDA:67,4,1,2
BRDA:89,5,0,1
BRDA:89,5,1,2
BRDA:96,6,0,3
BRDA:96,6,1,2
BRDA:99,7,0,2
BRDA:99,7,1,1
BRDA:122,8,0,3
BRDA:122,8,1,0
BRDA:139,9,0,1
BRDA:139,9,1,3
BRDA:143,10,0,1
BRDA:143,10,1,3
BRDA:147,11,0,1
BRDA:147,11,1,2
BRDA:147,12,0,3
BRDA:147,12,1,2
BRDA:159,13,0,1
BRDA:159,13,1,6
BRDA:167,14,0,1
BRDA:167,14,1,5
BRDA:175,15,0,2
BRDA:175,15,1,3
BRDA:186,16,0,5
BRDA:186,16,1,3
BRDA:187,17,0,5
BRDA:187,17,1,5
BRDA:188,18,0,5
BRDA:188,18,1,5
BRDA:198,19,0,2
BRDA:198,19,1,3
BRDA:199,20,0,2
BRDA:199,20,1,0
BRDA:201,21,0,1
BRDA:201,21,1,1
BRDA:214,22,0,3
BRDA:214,22,1,2
BRDA:223,23,0,1
BRDA:223,23,1,2
BRDA:227,24,0,1
BRDA:227,24,1,2
BRDA:228,25,0,3
BRDA:228,25,1,1
BRDA:245,26,0,1
BRDA:245,26,1,8
BRDA:249,27,0,8
BRDA:249,27,1,6
BRDA:251,28,0,2
BRDA:251,28,1,6
BRDA:256,29,0,1
BRDA:256,29,1,1
BRDA:261,30,0,2
BRDA:261,30,1,5
BRDA:265,31,0,1
BRDA:265,31,1,1
BRDA:270,32,0,3
BRDA:270,32,1,3
BRDA:271,33,0,1
BRDA:271,33,1,2
BRDA:276,34,0,1
BRDA:276,34,1,5
BRDA:276,35,0,6
BRDA:276,35,1,3
BRDA:276,35,2,3
BRDA:288,36,0,2
BRDA:288,36,1,3
BRDA:293,37,0,1
BRDA:293,37,1,2
BRDA:303,38,0,1
BRDA:303,38,1,4
BRDA:307,39,0,1
BRDA:307,39,1,4
BRDA:311,40,0,1
BRDA:311,40,1,4
BRDA:315,41,0,1
BRDA:315,41,1,4
BRDA:319,42,0,1
BRDA:319,42,1,4
BRDA:323,43,0,1
BRDA:323,43,1,4
BRDA:327,44,0,2
BRDA:327,44,1,3
BRDA:331,45,0,1
BRDA:331,45,1,4
BRDA:339,46,0,2
BRDA:339,46,1,3
BRDA:340,47,0,2
BRDA:340,47,1,0
BRDA:342,48,0,1
BRDA:342,48,1,1
BRDA:344,49,0,1
BRDA:344,49,1,0
BRDA:349,50,0,2
BRDA:349,50,1,1
BRDA:349,51,0,1
BRDA:349,51,1,0
BRDA:353,52,0,5
BRDA:353,52,1,4
BRDA:353,52,2,2
BRDA:362,53,0,1
BRDA:362,53,1,3
BRDA:362,54,0,4
BRDA:362,54,1,1
BRDA:366,55,0,1
BRDA:366,55,1,3
BRDA:366,56,0,4
BRDA:366,56,1,1
BRDA:374,57,0,1
BRDA:374,57,1,0
BRDA:378,58,0,0
BRDA:378,58,1,1
BRDA:379,59,0,1
BRDA:379,59,1,0
BRDA:392,60,0,1
BRDA:392,60,1,2
BRDA:396,61,0,1
BRDA:396,61,1,1
BRF:126
BRH:116
end_of_record
TN:
SF:src\utils\appError.ts
FN:5,(anonymous_0)
FNF:1
FNH:1
FNDA:45,(anonymous_0)
DA:1,6
DA:6,45
DA:7,45
DA:8,45
DA:10,45
DA:11,45
LF:6
LH:6
BRDA:5,0,0,0
BRF:1
BRH:0
end_of_record
TN:
SF:src\utils\asyncHandler.ts
FN:3,(anonymous_0)
FN:6,(anonymous_1)
FNF:2
FNH:2
FNDA:1,(anonymous_0)
FNDA:1,(anonymous_1)
DA:3,1
DA:6,1
DA:7,1
LF:3
LH:3
BRF:0
BRH:0
end_of_record
TN:
SF:src\utils\hash.ts
FN:3,(anonymous_1)
FN:8,(anonymous_2)
FNF:2
FNH:2
FNDA:1,(anonymous_1)
FNDA:2,(anonymous_2)
DA:1,1
DA:3,1
DA:4,1
DA:5,1
DA:8,1
DA:12,2
LF:6
LH:6
BRF:0
BRH:0
end_of_record
TN:
SF:src\utils\jwt.ts
FN:9,(anonymous_1)
FN:18,(anonymous_2)
FNF:2
FNH:2
FNDA:2,(anonymous_1)
FNDA:2,(anonymous_2)
DA:1,1
DA:9,1
DA:10,2
DA:11,2
DA:12,1
DA:15,1
DA:18,1
DA:19,2
DA:20,2
DA:21,1
DA:24,1
LF:11
LH:11
BRDA:11,0,0,1
BRDA:11,0,1,1
BRDA:20,1,0,1
BRDA:20,1,1,1
BRF:4
BRH:4
end_of_record
TN:
SF:src\utils\productInput.util.ts
FN:9,(anonymous_0)
FN:22,(anonymous_1)
FN:28,(anonymous_2)
FN:32,(anonymous_3)
FN:54,(anonymous_4)
FN:89,(anonymous_5)
FN:102,(anonymous_6)
FN:104,(anonymous_7)
FN:105,(anonymous_8)
FNF:9
FNH:9
FNDA:13,(anonymous_0)
FNDA:3,(anonymous_1)
FNDA:7,(anonymous_2)
FNDA:9,(anonymous_3)
FNDA:7,(anonymous_4)
FNDA:4,(anonymous_5)
FNDA:1,(anonymous_6)
FNDA:2,(anonymous_7)
FNDA:1,(anonymous_8)
DA:1,1
DA:9,1
DA:10,13
DA:11,5
DA:13,3
DA:14,3
DA:15,3
DA:16,2
DA:19,1
DA:22,1
DA:23,3
DA:24,2
DA:25,2
DA:28,1
DA:29,7
DA:32,1
DA:35,9
DA:37,8
DA:39,8
DA:40,2
DA:41,2
DA:43,1
DA:50,7
DA:51,1
DA:54,6
DA:55,7
DA:56,1
DA:62,6
DA:63,6
DA:64,6
DA:68,6
DA:69,1
DA:75,5
DA:76,1
DA:82,4
DA:89,4
DA:90,3
DA:92,3
DA:93,1
DA:99,2
DA:102,1
DA:103,1
DA:104,2
DA:105,1
LF:44
LH:44
BRDA:10,0,0,8
BRDA:10,0,1,5
BRDA:10,1,0,13
BRDA:10,1,1,7
BRDA:10,1,2,6
BRDA:11,2,0,2
BRDA:11,2,1,3
BRDA:13,3,0,3
BRDA:13,3,1,0
BRDA:15,4,0,1
BRDA:15,4,1,2
BRDA:16,5,0,1
BRDA:16,5,1,1
BRDA:23,6,0,1
BRDA:23,6,1,2
BRDA:23,7,0,3
BRDA:23,7,1,3
BRDA:23,7,2,3
BRDA:25,8,0,1
BRDA:25,8,1,1
BRDA:29,9,0,7
BRDA:29,9,1,0
BRDA:35,10,0,1
BRDA:35,10,1,8
BRDA:35,11,0,9
BRDA:35,11,1,8
BRDA:35,11,2,8
BRDA:39,12,0,2
BRDA:39,12,1,6
BRDA:50,13,0,1
BRDA:50,13,1,6
BRDA:55,14,0,1
BRDA:55,14,1,6
BRDA:55,15,0,7
BRDA:55,15,1,6
BRDA:68,16,0,1
BRDA:68,16,1,5
BRDA:75,17,0,1
BRDA:75,17,1,4
BRDA:75,18,0,5
BRDA:75,18,1,5
BRDA:75,18,2,4
BRDA:85,19,0,4
BRDA:85,19,1,3
BRDA:92,20,0,1
BRDA:92,20,1,2
BRF:46
BRH:44
end_of_record
